NOTE: Picked up JDK_JAVA_OPTIONS:  --add-opens=java.base/java.lang=ALL-UNNAMED --add-opens=java.rmi/sun.rmi.transport=ALL-UNNAMED
21-Jan-2021 11:51:39.578 INFO [main] org.apache.catalina.startup.VersionLoggerListener.log Server version:        Apache Tomcat/8.5.24
21-Jan-2021 11:51:39.583 INFO [main] org.apache.catalina.startup.VersionLoggerListener.log Server built:          Nov 27 2017 13:05:30 UTC
21-Jan-2021 11:51:39.584 INFO [main] org.apache.catalina.startup.VersionLoggerListener.log Server number:         8.5.24.0
21-Jan-2021 11:51:39.584 INFO [main] org.apache.catalina.startup.VersionLoggerListener.log OS Name:               Linux
21-Jan-2021 11:51:39.584 INFO [main] org.apache.catalina.startup.VersionLoggerListener.log OS Version:            5.8.0-38-generic
21-Jan-2021 11:51:39.585 INFO [main] org.apache.catalina.startup.VersionLoggerListener.log Architecture:          amd64
21-Jan-2021 11:51:39.585 INFO [main] org.apache.catalina.startup.VersionLoggerListener.log Java Home:             /usr/lib/jvm/java-11-openjdk-amd64
21-Jan-2021 11:51:39.585 INFO [main] org.apache.catalina.startup.VersionLoggerListener.log JVM Version:           11.0.9.1+1-Ubuntu-0ubuntu1.20.04
21-Jan-2021 11:51:39.586 INFO [main] org.apache.catalina.startup.VersionLoggerListener.log JVM Vendor:            Ubuntu
21-Jan-2021 11:51:39.586 INFO [main] org.apache.catalina.startup.VersionLoggerListener.log CATALINA_BASE:         /home/imsotired/Desktop/TE/WTL/tomcat_installation/apache-tomcat-8.5.24
21-Jan-2021 11:51:39.586 INFO [main] org.apache.catalina.startup.VersionLoggerListener.log CATALINA_HOME:         /home/imsotired/Desktop/TE/WTL/tomcat_installation/apache-tomcat-8.5.24
21-Jan-2021 11:51:39.599 INFO [main] org.apache.catalina.startup.VersionLoggerListener.log Command line argument: --add-opens=java.base/java.lang=ALL-UNNAMED
21-Jan-2021 11:51:39.600 INFO [main] org.apache.catalina.startup.VersionLoggerListener.log Command line argument: --add-opens=java.rmi/sun.rmi.transport=ALL-UNNAMED
21-Jan-2021 11:51:39.600 INFO [main] org.apache.catalina.startup.VersionLoggerListener.log Command line argument: -Djava.util.logging.config.file=/home/imsotired/Desktop/TE/WTL/tomcat_installation/apache-tomcat-8.5.24/conf/logging.properties
21-Jan-2021 11:51:39.601 INFO [main] org.apache.catalina.startup.VersionLoggerListener.log Command line argument: -Djava.util.logging.manager=org.apache.juli.ClassLoaderLogManager
21-Jan-2021 11:51:39.601 INFO [main] org.apache.catalina.startup.VersionLoggerListener.log Command line argument: -Djdk.tls.ephemeralDHKeySize=2048
21-Jan-2021 11:51:39.601 INFO [main] org.apache.catalina.startup.VersionLoggerListener.log Command line argument: -Djava.protocol.handler.pkgs=org.apache.catalina.webresources
21-Jan-2021 11:51:39.602 INFO [main] org.apache.catalina.startup.VersionLoggerListener.log Command line argument: -Dignore.endorsed.dirs=
21-Jan-2021 11:51:39.602 INFO [main] org.apache.catalina.startup.VersionLoggerListener.log Command line argument: -Dcatalina.base=/home/imsotired/Desktop/TE/WTL/tomcat_installation/apache-tomcat-8.5.24
21-Jan-2021 11:51:39.602 INFO [main] org.apache.catalina.startup.VersionLoggerListener.log Command line argument: -Dcatalina.home=/home/imsotired/Desktop/TE/WTL/tomcat_installation/apache-tomcat-8.5.24
21-Jan-2021 11:51:39.603 INFO [main] org.apache.catalina.startup.VersionLoggerListener.log Command line argument: -Djava.io.tmpdir=/home/imsotired/Desktop/TE/WTL/tomcat_installation/apache-tomcat-8.5.24/temp
21-Jan-2021 11:51:39.603 INFO [main] org.apache.catalina.core.AprLifecycleListener.lifecycleEvent The APR based Apache Tomcat Native library which allows optimal performance in production environments was not found on the java.library.path: [/usr/java/packages/lib:/usr/lib/x86_64-linux-gnu/jni:/lib/x86_64-linux-gnu:/usr/lib/x86_64-linux-gnu:/usr/lib/jni:/lib:/usr/lib]
21-Jan-2021 11:51:39.694 INFO [main] org.apache.coyote.AbstractProtocol.init Initializing ProtocolHandler ["http-nio-8080"]
21-Jan-2021 11:51:39.746 INFO [main] org.apache.tomcat.util.net.NioSelectorPool.getSharedSelector Using a shared selector for servlet write/read
21-Jan-2021 11:51:39.767 INFO [main] org.apache.coyote.AbstractProtocol.init Initializing ProtocolHandler ["ajp-nio-8009"]
21-Jan-2021 11:51:39.770 INFO [main] org.apache.tomcat.util.net.NioSelectorPool.getSharedSelector Using a shared selector for servlet write/read
21-Jan-2021 11:51:39.771 INFO [main] org.apache.catalina.startup.Catalina.load Initialization processed in 1499 ms
21-Jan-2021 11:51:39.921 INFO [main] org.apache.catalina.core.StandardService.startInternal Starting service [Catalina]
21-Jan-2021 11:51:39.922 INFO [main] org.apache.catalina.core.StandardEngine.startInternal Starting Servlet Engine: Apache Tomcat/8.5.24
21-Jan-2021 11:51:39.966 INFO [localhost-startStop-1] org.apache.catalina.startup.HostConfig.deployDirectory Deploying web application directory [/home/imsotired/Desktop/TE/WTL/tomcat_installation/apache-tomcat-8.5.24/webapps/docs]
21-Jan-2021 11:51:40.747 INFO [localhost-startStop-1] org.apache.catalina.startup.HostConfig.deployDirectory Deployment of web application directory [/home/imsotired/Desktop/TE/WTL/tomcat_installation/apache-tomcat-8.5.24/webapps/docs] has finished in [781] ms
21-Jan-2021 11:51:40.748 INFO [localhost-startStop-1] org.apache.catalina.startup.HostConfig.deployDirectory Deploying web application directory [/home/imsotired/Desktop/TE/WTL/tomcat_installation/apache-tomcat-8.5.24/webapps/ROOT]
21-Jan-2021 11:51:40.784 INFO [localhost-startStop-1] org.apache.catalina.startup.HostConfig.deployDirectory Deployment of web application directory [/home/imsotired/Desktop/TE/WTL/tomcat_installation/apache-tomcat-8.5.24/webapps/ROOT] has finished in [35] ms
21-Jan-2021 11:51:40.784 INFO [localhost-startStop-1] org.apache.catalina.startup.HostConfig.deployDirectory Deploying web application directory [/home/imsotired/Desktop/TE/WTL/tomcat_installation/apache-tomcat-8.5.24/webapps/host-manager]
21-Jan-2021 11:51:40.871 INFO [localhost-startStop-1] org.apache.catalina.startup.HostConfig.deployDirectory Deployment of web application directory [/home/imsotired/Desktop/TE/WTL/tomcat_installation/apache-tomcat-8.5.24/webapps/host-manager] has finished in [87] ms
21-Jan-2021 11:51:40.872 INFO [localhost-startStop-1] org.apache.catalina.startup.HostConfig.deployDirectory Deploying web application directory [/home/imsotired/Desktop/TE/WTL/tomcat_installation/apache-tomcat-8.5.24/webapps/manager]
21-Jan-2021 11:51:40.911 INFO [localhost-startStop-1] org.apache.catalina.startup.HostConfig.deployDirectory Deployment of web application directory [/home/imsotired/Desktop/TE/WTL/tomcat_installation/apache-tomcat-8.5.24/webapps/manager] has finished in [39] ms
21-Jan-2021 11:51:40.912 INFO [localhost-startStop-1] org.apache.catalina.startup.HostConfig.deployDirectory Deploying web application directory [/home/imsotired/Desktop/TE/WTL/tomcat_installation/apache-tomcat-8.5.24/webapps/examples]
21-Jan-2021 11:51:41.425 INFO [localhost-startStop-1] org.apache.catalina.startup.HostConfig.deployDirectory Deployment of web application directory [/home/imsotired/Desktop/TE/WTL/tomcat_installation/apache-tomcat-8.5.24/webapps/examples] has finished in [513] ms
21-Jan-2021 11:51:41.431 INFO [main] org.apache.coyote.AbstractProtocol.start Starting ProtocolHandler ["http-nio-8080"]
21-Jan-2021 11:51:41.453 INFO [main] org.apache.coyote.AbstractProtocol.start Starting ProtocolHandler ["ajp-nio-8009"]
21-Jan-2021 11:51:41.468 INFO [main] org.apache.catalina.startup.Catalina.start Server startup in 1697 ms
21-Jan-2021 11:57:53.037 INFO [main] org.apache.catalina.core.StandardServer.await A valid shutdown command was received via the shutdown port. Stopping the Server instance.
21-Jan-2021 11:57:53.038 INFO [main] org.apache.coyote.AbstractProtocol.pause Pausing ProtocolHandler ["http-nio-8080"]
21-Jan-2021 11:57:53.092 INFO [main] org.apache.coyote.AbstractProtocol.pause Pausing ProtocolHandler ["ajp-nio-8009"]
21-Jan-2021 11:57:53.094 INFO [main] org.apache.catalina.core.StandardService.stopInternal Stopping service [Catalina]
21-Jan-2021 11:57:53.201 INFO [main] org.apache.coyote.AbstractProtocol.stop Stopping ProtocolHandler ["http-nio-8080"]
21-Jan-2021 11:57:53.206 INFO [main] org.apache.coyote.AbstractProtocol.stop Stopping ProtocolHandler ["ajp-nio-8009"]
21-Jan-2021 11:57:53.218 INFO [main] org.apache.coyote.AbstractProtocol.destroy Destroying ProtocolHandler ["http-nio-8080"]
21-Jan-2021 11:57:53.228 INFO [main] org.apache.coyote.AbstractProtocol.destroy Destroying ProtocolHandler ["ajp-nio-8009"]
NOTE: Picked up JDK_JAVA_OPTIONS:  --add-opens=java.base/java.lang=ALL-UNNAMED --add-opens=java.rmi/sun.rmi.transport=ALL-UNNAMED
21-Jan-2021 11:58:05.368 INFO [main] org.apache.catalina.startup.VersionLoggerListener.log Server version:        Apache Tomcat/8.5.24
21-Jan-2021 11:58:05.375 INFO [main] org.apache.catalina.startup.VersionLoggerListener.log Server built:          Nov 27 2017 13:05:30 UTC
21-Jan-2021 11:58:05.376 INFO [main] org.apache.catalina.startup.VersionLoggerListener.log Server number:         8.5.24.0
21-Jan-2021 11:58:05.376 INFO [main] org.apache.catalina.startup.VersionLoggerListener.log OS Name:               Linux
21-Jan-2021 11:58:05.376 INFO [main] org.apache.catalina.startup.VersionLoggerListener.log OS Version:            5.8.0-38-generic
21-Jan-2021 11:58:05.376 INFO [main] org.apache.catalina.startup.VersionLoggerListener.log Architecture:          amd64
21-Jan-2021 11:58:05.377 INFO [main] org.apache.catalina.startup.VersionLoggerListener.log Java Home:             /usr/lib/jvm/java-11-openjdk-amd64
21-Jan-2021 11:58:05.378 INFO [main] org.apache.catalina.startup.VersionLoggerListener.log JVM Version:           11.0.9.1+1-Ubuntu-0ubuntu1.20.04
21-Jan-2021 11:58:05.378 INFO [main] org.apache.catalina.startup.VersionLoggerListener.log JVM Vendor:            Ubuntu
21-Jan-2021 11:58:05.378 INFO [main] org.apache.catalina.startup.VersionLoggerListener.log CATALINA_BASE:         /home/imsotired/Desktop/TE/WTL/tomcat_installation/apache-tomcat-8.5.24
21-Jan-2021 11:58:05.378 INFO [main] org.apache.catalina.startup.VersionLoggerListener.log CATALINA_HOME:         /home/imsotired/Desktop/TE/WTL/tomcat_installation/apache-tomcat-8.5.24
21-Jan-2021 11:58:05.379 INFO [main] org.apache.catalina.startup.VersionLoggerListener.log Command line argument: --add-opens=java.base/java.lang=ALL-UNNAMED
21-Jan-2021 11:58:05.379 INFO [main] org.apache.catalina.startup.VersionLoggerListener.log Command line argument: --add-opens=java.rmi/sun.rmi.transport=ALL-UNNAMED
21-Jan-2021 11:58:05.380 INFO [main] org.apache.catalina.startup.VersionLoggerListener.log Command line argument: -Djava.util.logging.config.file=/home/imsotired/Desktop/TE/WTL/tomcat_installation/apache-tomcat-8.5.24/conf/logging.properties
21-Jan-2021 11:58:05.380 INFO [main] org.apache.catalina.startup.VersionLoggerListener.log Command line argument: -Djava.util.logging.manager=org.apache.juli.ClassLoaderLogManager
21-Jan-2021 11:58:05.381 INFO [main] org.apache.catalina.startup.VersionLoggerListener.log Command line argument: -Djdk.tls.ephemeralDHKeySize=2048
21-Jan-2021 11:58:05.381 INFO [main] org.apache.catalina.startup.VersionLoggerListener.log Command line argument: -Djava.protocol.handler.pkgs=org.apache.catalina.webresources
21-Jan-2021 11:58:05.381 INFO [main] org.apache.catalina.startup.VersionLoggerListener.log Command line argument: -Dignore.endorsed.dirs=
21-Jan-2021 11:58:05.382 INFO [main] org.apache.catalina.startup.VersionLoggerListener.log Command line argument: -Dcatalina.base=/home/imsotired/Desktop/TE/WTL/tomcat_installation/apache-tomcat-8.5.24
21-Jan-2021 11:58:05.382 INFO [main] org.apache.catalina.startup.VersionLoggerListener.log Command line argument: -Dcatalina.home=/home/imsotired/Desktop/TE/WTL/tomcat_installation/apache-tomcat-8.5.24
21-Jan-2021 11:58:05.382 INFO [main] org.apache.catalina.startup.VersionLoggerListener.log Command line argument: -Djava.io.tmpdir=/home/imsotired/Desktop/TE/WTL/tomcat_installation/apache-tomcat-8.5.24/temp
21-Jan-2021 11:58:05.382 INFO [main] org.apache.catalina.core.AprLifecycleListener.lifecycleEvent The APR based Apache Tomcat Native library which allows optimal performance in production environments was not found on the java.library.path: [/usr/java/packages/lib:/usr/lib/x86_64-linux-gnu/jni:/lib/x86_64-linux-gnu:/usr/lib/x86_64-linux-gnu:/usr/lib/jni:/lib:/usr/lib]
21-Jan-2021 11:58:05.452 INFO [main] org.apache.coyote.AbstractProtocol.init Initializing ProtocolHandler ["http-nio-8080"]
21-Jan-2021 11:58:05.473 INFO [main] org.apache.tomcat.util.net.NioSelectorPool.getSharedSelector Using a shared selector for servlet write/read
21-Jan-2021 11:58:05.520 INFO [main] org.apache.coyote.AbstractProtocol.init Initializing ProtocolHandler ["ajp-nio-8009"]
21-Jan-2021 11:58:05.522 INFO [main] org.apache.tomcat.util.net.NioSelectorPool.getSharedSelector Using a shared selector for servlet write/read
21-Jan-2021 11:58:05.527 INFO [main] org.apache.catalina.startup.Catalina.load Initialization processed in 969 ms
21-Jan-2021 11:58:05.664 INFO [main] org.apache.catalina.core.StandardService.startInternal Starting service [Catalina]
21-Jan-2021 11:58:05.664 INFO [main] org.apache.catalina.core.StandardEngine.startInternal Starting Servlet Engine: Apache Tomcat/8.5.24
21-Jan-2021 11:58:05.684 INFO [localhost-startStop-1] org.apache.catalina.startup.HostConfig.deployDirectory Deploying web application directory [/home/imsotired/Desktop/TE/WTL/tomcat_installation/apache-tomcat-8.5.24/webapps/docs]
21-Jan-2021 11:58:06.343 INFO [localhost-startStop-1] org.apache.catalina.startup.HostConfig.deployDirectory Deployment of web application directory [/home/imsotired/Desktop/TE/WTL/tomcat_installation/apache-tomcat-8.5.24/webapps/docs] has finished in [659] ms
21-Jan-2021 11:58:06.344 INFO [localhost-startStop-1] org.apache.catalina.startup.HostConfig.deployDirectory Deploying web application directory [/home/imsotired/Desktop/TE/WTL/tomcat_installation/apache-tomcat-8.5.24/webapps/ROOT]
21-Jan-2021 11:58:06.382 INFO [localhost-startStop-1] org.apache.catalina.startup.HostConfig.deployDirectory Deployment of web application directory [/home/imsotired/Desktop/TE/WTL/tomcat_installation/apache-tomcat-8.5.24/webapps/ROOT] has finished in [38] ms
21-Jan-2021 11:58:06.383 INFO [localhost-startStop-1] org.apache.catalina.startup.HostConfig.deployDirectory Deploying web application directory [/home/imsotired/Desktop/TE/WTL/tomcat_installation/apache-tomcat-8.5.24/webapps/host-manager]
21-Jan-2021 11:58:06.453 INFO [localhost-startStop-1] org.apache.catalina.startup.HostConfig.deployDirectory Deployment of web application directory [/home/imsotired/Desktop/TE/WTL/tomcat_installation/apache-tomcat-8.5.24/webapps/host-manager] has finished in [70] ms
21-Jan-2021 11:58:06.454 INFO [localhost-startStop-1] org.apache.catalina.startup.HostConfig.deployDirectory Deploying web application directory [/home/imsotired/Desktop/TE/WTL/tomcat_installation/apache-tomcat-8.5.24/webapps/manager]
21-Jan-2021 11:58:06.500 INFO [localhost-startStop-1] org.apache.catalina.startup.HostConfig.deployDirectory Deployment of web application directory [/home/imsotired/Desktop/TE/WTL/tomcat_installation/apache-tomcat-8.5.24/webapps/manager] has finished in [46] ms
21-Jan-2021 11:58:06.501 INFO [localhost-startStop-1] org.apache.catalina.startup.HostConfig.deployDirectory Deploying web application directory [/home/imsotired/Desktop/TE/WTL/tomcat_installation/apache-tomcat-8.5.24/webapps/examples]
21-Jan-2021 11:58:06.888 INFO [localhost-startStop-1] org.apache.catalina.startup.HostConfig.deployDirectory Deployment of web application directory [/home/imsotired/Desktop/TE/WTL/tomcat_installation/apache-tomcat-8.5.24/webapps/examples] has finished in [387] ms
21-Jan-2021 11:58:06.897 INFO [main] org.apache.coyote.AbstractProtocol.start Starting ProtocolHandler ["http-nio-8080"]
21-Jan-2021 11:58:06.913 INFO [main] org.apache.coyote.AbstractProtocol.start Starting ProtocolHandler ["ajp-nio-8009"]
21-Jan-2021 11:58:06.926 INFO [main] org.apache.catalina.startup.Catalina.start Server startup in 1399 ms
21-Jan-2021 12:19:43.422 INFO [main] org.apache.catalina.core.StandardServer.await A valid shutdown command was received via the shutdown port. Stopping the Server instance.
21-Jan-2021 12:19:43.423 INFO [main] org.apache.coyote.AbstractProtocol.pause Pausing ProtocolHandler ["http-nio-8080"]
21-Jan-2021 12:19:43.478 INFO [main] org.apache.coyote.AbstractProtocol.pause Pausing ProtocolHandler ["ajp-nio-8009"]
21-Jan-2021 12:19:43.480 INFO [main] org.apache.catalina.core.StandardService.stopInternal Stopping service [Catalina]
21-Jan-2021 12:19:43.613 INFO [main] org.apache.coyote.AbstractProtocol.stop Stopping ProtocolHandler ["http-nio-8080"]
21-Jan-2021 12:19:43.620 INFO [main] org.apache.coyote.AbstractProtocol.stop Stopping ProtocolHandler ["ajp-nio-8009"]
21-Jan-2021 12:19:43.629 INFO [main] org.apache.coyote.AbstractProtocol.destroy Destroying ProtocolHandler ["http-nio-8080"]
21-Jan-2021 12:19:43.635 INFO [main] org.apache.coyote.AbstractProtocol.destroy Destroying ProtocolHandler ["ajp-nio-8009"]
NOTE: Picked up JDK_JAVA_OPTIONS:  --add-opens=java.base/java.lang=ALL-UNNAMED --add-opens=java.rmi/sun.rmi.transport=ALL-UNNAMED
21-Jan-2021 12:20:36.448 INFO [main] org.apache.catalina.startup.VersionLoggerListener.log Server version:        Apache Tomcat/8.5.24
21-Jan-2021 12:20:36.456 INFO [main] org.apache.catalina.startup.VersionLoggerListener.log Server built:          Nov 27 2017 13:05:30 UTC
21-Jan-2021 12:20:36.456 INFO [main] org.apache.catalina.startup.VersionLoggerListener.log Server number:         8.5.24.0
21-Jan-2021 12:20:36.457 INFO [main] org.apache.catalina.startup.VersionLoggerListener.log OS Name:               Linux
21-Jan-2021 12:20:36.460 INFO [main] org.apache.catalina.startup.VersionLoggerListener.log OS Version:            5.8.0-38-generic
21-Jan-2021 12:20:36.460 INFO [main] org.apache.catalina.startup.VersionLoggerListener.log Architecture:          amd64
21-Jan-2021 12:20:36.461 INFO [main] org.apache.catalina.startup.VersionLoggerListener.log Java Home:             /usr/lib/jvm/java-11-openjdk-amd64
21-Jan-2021 12:20:36.461 INFO [main] org.apache.catalina.startup.VersionLoggerListener.log JVM Version:           11.0.9.1+1-Ubuntu-0ubuntu1.20.04
21-Jan-2021 12:20:36.461 INFO [main] org.apache.catalina.startup.VersionLoggerListener.log JVM Vendor:            Ubuntu
21-Jan-2021 12:20:36.462 INFO [main] org.apache.catalina.startup.VersionLoggerListener.log CATALINA_BASE:         /home/imsotired/Desktop/TE/WTL/tomcat_installation/apache-tomcat-8.5.24
21-Jan-2021 12:20:36.462 INFO [main] org.apache.catalina.startup.VersionLoggerListener.log CATALINA_HOME:         /home/imsotired/Desktop/TE/WTL/tomcat_installation/apache-tomcat-8.5.24
21-Jan-2021 12:20:36.463 INFO [main] org.apache.catalina.startup.VersionLoggerListener.log Command line argument: --add-opens=java.base/java.lang=ALL-UNNAMED
21-Jan-2021 12:20:36.463 INFO [main] org.apache.catalina.startup.VersionLoggerListener.log Command line argument: --add-opens=java.rmi/sun.rmi.transport=ALL-UNNAMED
21-Jan-2021 12:20:36.464 INFO [main] org.apache.catalina.startup.VersionLoggerListener.log Command line argument: -Djava.util.logging.config.file=/home/imsotired/Desktop/TE/WTL/tomcat_installation/apache-tomcat-8.5.24/conf/logging.properties
21-Jan-2021 12:20:36.464 INFO [main] org.apache.catalina.startup.VersionLoggerListener.log Command line argument: -Djava.util.logging.manager=org.apache.juli.ClassLoaderLogManager
21-Jan-2021 12:20:36.464 INFO [main] org.apache.catalina.startup.VersionLoggerListener.log Command line argument: -Djdk.tls.ephemeralDHKeySize=2048
21-Jan-2021 12:20:36.464 INFO [main] org.apache.catalina.startup.VersionLoggerListener.log Command line argument: -Djava.protocol.handler.pkgs=org.apache.catalina.webresources
21-Jan-2021 12:20:36.465 INFO [main] org.apache.catalina.startup.VersionLoggerListener.log Command line argument: -Dignore.endorsed.dirs=
21-Jan-2021 12:20:36.465 INFO [main] org.apache.catalina.startup.VersionLoggerListener.log Command line argument: -Dcatalina.base=/home/imsotired/Desktop/TE/WTL/tomcat_installation/apache-tomcat-8.5.24
21-Jan-2021 12:20:36.465 INFO [main] org.apache.catalina.startup.VersionLoggerListener.log Command line argument: -Dcatalina.home=/home/imsotired/Desktop/TE/WTL/tomcat_installation/apache-tomcat-8.5.24
21-Jan-2021 12:20:36.466 INFO [main] org.apache.catalina.startup.VersionLoggerListener.log Command line argument: -Djava.io.tmpdir=/home/imsotired/Desktop/TE/WTL/tomcat_installation/apache-tomcat-8.5.24/temp
21-Jan-2021 12:20:36.466 INFO [main] org.apache.catalina.core.AprLifecycleListener.lifecycleEvent The APR based Apache Tomcat Native library which allows optimal performance in production environments was not found on the java.library.path: [/usr/java/packages/lib:/usr/lib/x86_64-linux-gnu/jni:/lib/x86_64-linux-gnu:/usr/lib/x86_64-linux-gnu:/usr/lib/jni:/lib:/usr/lib]
21-Jan-2021 12:20:36.535 INFO [main] org.apache.coyote.AbstractProtocol.init Initializing ProtocolHandler ["http-nio-8080"]
21-Jan-2021 12:20:36.557 INFO [main] org.apache.tomcat.util.net.NioSelectorPool.getSharedSelector Using a shared selector for servlet write/read
21-Jan-2021 12:20:36.592 INFO [main] org.apache.coyote.AbstractProtocol.init Initializing ProtocolHandler ["ajp-nio-8009"]
21-Jan-2021 12:20:36.594 INFO [main] org.apache.tomcat.util.net.NioSelectorPool.getSharedSelector Using a shared selector for servlet write/read
21-Jan-2021 12:20:36.596 INFO [main] org.apache.catalina.startup.Catalina.load Initialization processed in 966 ms
21-Jan-2021 12:20:36.700 INFO [main] org.apache.catalina.core.StandardService.startInternal Starting service [Catalina]
21-Jan-2021 12:20:36.701 INFO [main] org.apache.catalina.core.StandardEngine.startInternal Starting Servlet Engine: Apache Tomcat/8.5.24
21-Jan-2021 12:20:36.720 INFO [localhost-startStop-1] org.apache.catalina.startup.HostConfig.deployDirectory Deploying web application directory [/home/imsotired/Desktop/TE/WTL/tomcat_installation/apache-tomcat-8.5.24/webapps/docs]
21-Jan-2021 12:20:37.433 INFO [localhost-startStop-1] org.apache.catalina.startup.HostConfig.deployDirectory Deployment of web application directory [/home/imsotired/Desktop/TE/WTL/tomcat_installation/apache-tomcat-8.5.24/webapps/docs] has finished in [712] ms
21-Jan-2021 12:20:37.434 INFO [localhost-startStop-1] org.apache.catalina.startup.HostConfig.deployDirectory Deploying web application directory [/home/imsotired/Desktop/TE/WTL/tomcat_installation/apache-tomcat-8.5.24/webapps/ROOT]
21-Jan-2021 12:20:37.468 INFO [localhost-startStop-1] org.apache.catalina.startup.HostConfig.deployDirectory Deployment of web application directory [/home/imsotired/Desktop/TE/WTL/tomcat_installation/apache-tomcat-8.5.24/webapps/ROOT] has finished in [34] ms
21-Jan-2021 12:20:37.470 INFO [localhost-startStop-1] org.apache.catalina.startup.HostConfig.deployDirectory Deploying web application directory [/home/imsotired/Desktop/TE/WTL/tomcat_installation/apache-tomcat-8.5.24/webapps/host-manager]
21-Jan-2021 12:20:37.531 INFO [localhost-startStop-1] org.apache.catalina.startup.HostConfig.deployDirectory Deployment of web application directory [/home/imsotired/Desktop/TE/WTL/tomcat_installation/apache-tomcat-8.5.24/webapps/host-manager] has finished in [61] ms
21-Jan-2021 12:20:37.531 INFO [localhost-startStop-1] org.apache.catalina.startup.HostConfig.deployDirectory Deploying web application directory [/home/imsotired/Desktop/TE/WTL/tomcat_installation/apache-tomcat-8.5.24/webapps/manager]
21-Jan-2021 12:20:37.570 INFO [localhost-startStop-1] org.apache.catalina.startup.HostConfig.deployDirectory Deployment of web application directory [/home/imsotired/Desktop/TE/WTL/tomcat_installation/apache-tomcat-8.5.24/webapps/manager] has finished in [39] ms
21-Jan-2021 12:20:37.571 INFO [localhost-startStop-1] org.apache.catalina.startup.HostConfig.deployDirectory Deploying web application directory [/home/imsotired/Desktop/TE/WTL/tomcat_installation/apache-tomcat-8.5.24/webapps/examples]
21-Jan-2021 12:20:37.937 INFO [localhost-startStop-1] org.apache.catalina.startup.HostConfig.deployDirectory Deployment of web application directory [/home/imsotired/Desktop/TE/WTL/tomcat_installation/apache-tomcat-8.5.24/webapps/examples] has finished in [365] ms
21-Jan-2021 12:20:37.957 INFO [main] org.apache.coyote.AbstractProtocol.start Starting ProtocolHandler ["http-nio-8080"]
21-Jan-2021 12:20:37.986 INFO [main] org.apache.coyote.AbstractProtocol.start Starting ProtocolHandler ["ajp-nio-8009"]
21-Jan-2021 12:20:38.035 INFO [main] org.apache.catalina.startup.Catalina.start Server startup in 1437 ms
21-Jan-2021 12:44:23.399 INFO [main] org.apache.catalina.core.StandardServer.await A valid shutdown command was received via the shutdown port. Stopping the Server instance.
21-Jan-2021 12:44:23.401 INFO [main] org.apache.coyote.AbstractProtocol.pause Pausing ProtocolHandler ["http-nio-8080"]
21-Jan-2021 12:44:23.412 INFO [main] org.apache.coyote.AbstractProtocol.pause Pausing ProtocolHandler ["ajp-nio-8009"]
21-Jan-2021 12:44:23.464 INFO [main] org.apache.catalina.core.StandardService.stopInternal Stopping service [Catalina]
21-Jan-2021 12:44:23.639 INFO [main] org.apache.coyote.AbstractProtocol.stop Stopping ProtocolHandler ["http-nio-8080"]
21-Jan-2021 12:44:23.645 INFO [main] org.apache.coyote.AbstractProtocol.stop Stopping ProtocolHandler ["ajp-nio-8009"]
21-Jan-2021 12:44:23.652 INFO [main] org.apache.coyote.AbstractProtocol.destroy Destroying ProtocolHandler ["http-nio-8080"]
21-Jan-2021 12:44:23.659 INFO [main] org.apache.coyote.AbstractProtocol.destroy Destroying ProtocolHandler ["ajp-nio-8009"]
NOTE: Picked up JDK_JAVA_OPTIONS:  --add-opens=java.base/java.lang=ALL-UNNAMED --add-opens=java.rmi/sun.rmi.transport=ALL-UNNAMED
21-Jan-2021 12:54:04.981 INFO [main] org.apache.catalina.startup.VersionLoggerListener.log Server version:        Apache Tomcat/8.5.24
21-Jan-2021 12:54:04.986 INFO [main] org.apache.catalina.startup.VersionLoggerListener.log Server built:          Nov 27 2017 13:05:30 UTC
21-Jan-2021 12:54:04.989 INFO [main] org.apache.catalina.startup.VersionLoggerListener.log Server number:         8.5.24.0
21-Jan-2021 12:54:04.989 INFO [main] org.apache.catalina.startup.VersionLoggerListener.log OS Name:               Linux
21-Jan-2021 12:54:04.989 INFO [main] org.apache.catalina.startup.VersionLoggerListener.log OS Version:            5.8.0-38-generic
21-Jan-2021 12:54:04.989 INFO [main] org.apache.catalina.startup.VersionLoggerListener.log Architecture:          amd64
21-Jan-2021 12:54:04.990 INFO [main] org.apache.catalina.startup.VersionLoggerListener.log Java Home:             /usr/lib/jvm/java-11-openjdk-amd64
21-Jan-2021 12:54:04.990 INFO [main] org.apache.catalina.startup.VersionLoggerListener.log JVM Version:           11.0.9.1+1-Ubuntu-0ubuntu1.20.04
21-Jan-2021 12:54:04.990 INFO [main] org.apache.catalina.startup.VersionLoggerListener.log JVM Vendor:            Ubuntu
21-Jan-2021 12:54:04.991 INFO [main] org.apache.catalina.startup.VersionLoggerListener.log CATALINA_BASE:         /home/imsotired/Desktop/TE/WTL/tomcat_installation/apache-tomcat-8.5.24
21-Jan-2021 12:54:04.991 INFO [main] org.apache.catalina.startup.VersionLoggerListener.log CATALINA_HOME:         /home/imsotired/Desktop/TE/WTL/tomcat_installation/apache-tomcat-8.5.24
21-Jan-2021 12:54:04.995 INFO [main] org.apache.catalina.startup.VersionLoggerListener.log Command line argument: --add-opens=java.base/java.lang=ALL-UNNAMED
21-Jan-2021 12:54:04.995 INFO [main] org.apache.catalina.startup.VersionLoggerListener.log Command line argument: --add-opens=java.rmi/sun.rmi.transport=ALL-UNNAMED
21-Jan-2021 12:54:04.995 INFO [main] org.apache.catalina.startup.VersionLoggerListener.log Command line argument: -Djava.util.logging.config.file=/home/imsotired/Desktop/TE/WTL/tomcat_installation/apache-tomcat-8.5.24/conf/logging.properties
21-Jan-2021 12:54:04.996 INFO [main] org.apache.catalina.startup.VersionLoggerListener.log Command line argument: -Djava.util.logging.manager=org.apache.juli.ClassLoaderLogManager
21-Jan-2021 12:54:04.996 INFO [main] org.apache.catalina.startup.VersionLoggerListener.log Command line argument: -Djdk.tls.ephemeralDHKeySize=2048
21-Jan-2021 12:54:04.996 INFO [main] org.apache.catalina.startup.VersionLoggerListener.log Command line argument: -Djava.protocol.handler.pkgs=org.apache.catalina.webresources
21-Jan-2021 12:54:04.996 INFO [main] org.apache.catalina.startup.VersionLoggerListener.log Command line argument: -Dignore.endorsed.dirs=
21-Jan-2021 12:54:04.997 INFO [main] org.apache.catalina.startup.VersionLoggerListener.log Command line argument: -Dcatalina.base=/home/imsotired/Desktop/TE/WTL/tomcat_installation/apache-tomcat-8.5.24
21-Jan-2021 12:54:04.997 INFO [main] org.apache.catalina.startup.VersionLoggerListener.log Command line argument: -Dcatalina.home=/home/imsotired/Desktop/TE/WTL/tomcat_installation/apache-tomcat-8.5.24
21-Jan-2021 12:54:04.997 INFO [main] org.apache.catalina.startup.VersionLoggerListener.log Command line argument: -Djava.io.tmpdir=/home/imsotired/Desktop/TE/WTL/tomcat_installation/apache-tomcat-8.5.24/temp
21-Jan-2021 12:54:04.997 INFO [main] org.apache.catalina.core.AprLifecycleListener.lifecycleEvent The APR based Apache Tomcat Native library which allows optimal performance in production environments was not found on the java.library.path: [/usr/java/packages/lib:/usr/lib/x86_64-linux-gnu/jni:/lib/x86_64-linux-gnu:/usr/lib/x86_64-linux-gnu:/usr/lib/jni:/lib:/usr/lib]
21-Jan-2021 12:54:05.076 INFO [main] org.apache.coyote.AbstractProtocol.init Initializing ProtocolHandler ["http-nio-8080"]
21-Jan-2021 12:54:05.096 INFO [main] org.apache.tomcat.util.net.NioSelectorPool.getSharedSelector Using a shared selector for servlet write/read
21-Jan-2021 12:54:05.107 INFO [main] org.apache.coyote.AbstractProtocol.init Initializing ProtocolHandler ["ajp-nio-8009"]
21-Jan-2021 12:54:05.111 INFO [main] org.apache.tomcat.util.net.NioSelectorPool.getSharedSelector Using a shared selector for servlet write/read
21-Jan-2021 12:54:05.111 INFO [main] org.apache.catalina.startup.Catalina.load Initialization processed in 896 ms
21-Jan-2021 12:54:05.283 INFO [main] org.apache.catalina.core.StandardService.startInternal Starting service [Catalina]
21-Jan-2021 12:54:05.283 INFO [main] org.apache.catalina.core.StandardEngine.startInternal Starting Servlet Engine: Apache Tomcat/8.5.24
21-Jan-2021 12:54:05.326 INFO [localhost-startStop-1] org.apache.catalina.startup.HostConfig.deployDirectory Deploying web application directory [/home/imsotired/Desktop/TE/WTL/tomcat_installation/apache-tomcat-8.5.24/webapps/docs]
21-Jan-2021 12:54:06.055 INFO [localhost-startStop-1] org.apache.catalina.startup.HostConfig.deployDirectory Deployment of web application directory [/home/imsotired/Desktop/TE/WTL/tomcat_installation/apache-tomcat-8.5.24/webapps/docs] has finished in [720] ms
21-Jan-2021 12:54:06.056 INFO [localhost-startStop-1] org.apache.catalina.startup.HostConfig.deployDirectory Deploying web application directory [/home/imsotired/Desktop/TE/WTL/tomcat_installation/apache-tomcat-8.5.24/webapps/ROOT]
21-Jan-2021 12:54:06.100 INFO [localhost-startStop-1] org.apache.catalina.startup.HostConfig.deployDirectory Deployment of web application directory [/home/imsotired/Desktop/TE/WTL/tomcat_installation/apache-tomcat-8.5.24/webapps/ROOT] has finished in [43] ms
21-Jan-2021 12:54:06.100 INFO [localhost-startStop-1] org.apache.catalina.startup.HostConfig.deployDirectory Deploying web application directory [/home/imsotired/Desktop/TE/WTL/tomcat_installation/apache-tomcat-8.5.24/webapps/host-manager]
21-Jan-2021 12:54:06.161 INFO [localhost-startStop-1] org.apache.catalina.startup.HostConfig.deployDirectory Deployment of web application directory [/home/imsotired/Desktop/TE/WTL/tomcat_installation/apache-tomcat-8.5.24/webapps/host-manager] has finished in [61] ms
21-Jan-2021 12:54:06.161 INFO [localhost-startStop-1] org.apache.catalina.startup.HostConfig.deployDirectory Deploying web application directory [/home/imsotired/Desktop/TE/WTL/tomcat_installation/apache-tomcat-8.5.24/webapps/manager]
21-Jan-2021 12:54:06.197 INFO [localhost-startStop-1] org.apache.catalina.startup.HostConfig.deployDirectory Deployment of web application directory [/home/imsotired/Desktop/TE/WTL/tomcat_installation/apache-tomcat-8.5.24/webapps/manager] has finished in [35] ms
21-Jan-2021 12:54:06.197 INFO [localhost-startStop-1] org.apache.catalina.startup.HostConfig.deployDirectory Deploying web application directory [/home/imsotired/Desktop/TE/WTL/tomcat_installation/apache-tomcat-8.5.24/webapps/examples]
21-Jan-2021 12:54:06.704 INFO [localhost-startStop-1] org.apache.catalina.startup.HostConfig.deployDirectory Deployment of web application directory [/home/imsotired/Desktop/TE/WTL/tomcat_installation/apache-tomcat-8.5.24/webapps/examples] has finished in [507] ms
21-Jan-2021 12:54:06.711 INFO [main] org.apache.coyote.AbstractProtocol.start Starting ProtocolHandler ["http-nio-8080"]
21-Jan-2021 12:54:06.727 INFO [main] org.apache.coyote.AbstractProtocol.start Starting ProtocolHandler ["ajp-nio-8009"]
21-Jan-2021 12:54:06.731 INFO [main] org.apache.catalina.startup.Catalina.start Server startup in 1619 ms
28-Jan-2021 11:24:38.703 INFO [main] org.apache.catalina.startup.VersionLoggerListener.log Server version:        Apache Tomcat/8.5.24
28-Jan-2021 11:24:38.731 INFO [main] org.apache.catalina.startup.VersionLoggerListener.log Server built:          Nov 27 2017 13:05:30 UTC
28-Jan-2021 11:24:38.731 INFO [main] org.apache.catalina.startup.VersionLoggerListener.log Server number:         8.5.24.0
28-Jan-2021 11:24:38.732 INFO [main] org.apache.catalina.startup.VersionLoggerListener.log OS Name:               Linux
28-Jan-2021 11:24:38.732 INFO [main] org.apache.catalina.startup.VersionLoggerListener.log OS Version:            5.8.0-38-generic
28-Jan-2021 11:24:38.733 INFO [main] org.apache.catalina.startup.VersionLoggerListener.log Architecture:          amd64
28-Jan-2021 11:24:38.733 INFO [main] org.apache.catalina.startup.VersionLoggerListener.log Java Home:             /usr/lib/jvm/java-8-openjdk-amd64/jre
28-Jan-2021 11:24:38.734 INFO [main] org.apache.catalina.startup.VersionLoggerListener.log JVM Version:           1.8.0_275-8u275-b01-0ubuntu1~20.04-b01
28-Jan-2021 11:24:38.734 INFO [main] org.apache.catalina.startup.VersionLoggerListener.log JVM Vendor:            Private Build
28-Jan-2021 11:24:38.735 INFO [main] org.apache.catalina.startup.VersionLoggerListener.log CATALINA_BASE:         /home/imsotired/Desktop/TE/WTL/tomcat_installation/apache-tomcat-8.5.24
28-Jan-2021 11:24:38.735 INFO [main] org.apache.catalina.startup.VersionLoggerListener.log CATALINA_HOME:         /home/imsotired/Desktop/TE/WTL/tomcat_installation/apache-tomcat-8.5.24
28-Jan-2021 11:24:38.736 INFO [main] org.apache.catalina.startup.VersionLoggerListener.log Command line argument: -Djava.util.logging.config.file=/home/imsotired/Desktop/TE/WTL/tomcat_installation/apache-tomcat-8.5.24/conf/logging.properties
28-Jan-2021 11:24:38.737 INFO [main] org.apache.catalina.startup.VersionLoggerListener.log Command line argument: -Djava.util.logging.manager=org.apache.juli.ClassLoaderLogManager
28-Jan-2021 11:24:38.737 INFO [main] org.apache.catalina.startup.VersionLoggerListener.log Command line argument: -Djdk.tls.ephemeralDHKeySize=2048
28-Jan-2021 11:24:38.738 INFO [main] org.apache.catalina.startup.VersionLoggerListener.log Command line argument: -Djava.protocol.handler.pkgs=org.apache.catalina.webresources
28-Jan-2021 11:24:38.738 INFO [main] org.apache.catalina.startup.VersionLoggerListener.log Command line argument: -Dignore.endorsed.dirs=
28-Jan-2021 11:24:38.739 INFO [main] org.apache.catalina.startup.VersionLoggerListener.log Command line argument: -Dcatalina.base=/home/imsotired/Desktop/TE/WTL/tomcat_installation/apache-tomcat-8.5.24
28-Jan-2021 11:24:38.739 INFO [main] org.apache.catalina.startup.VersionLoggerListener.log Command line argument: -Dcatalina.home=/home/imsotired/Desktop/TE/WTL/tomcat_installation/apache-tomcat-8.5.24
28-Jan-2021 11:24:38.739 INFO [main] org.apache.catalina.startup.VersionLoggerListener.log Command line argument: -Djava.io.tmpdir=/home/imsotired/Desktop/TE/WTL/tomcat_installation/apache-tomcat-8.5.24/temp
28-Jan-2021 11:24:38.740 INFO [main] org.apache.catalina.core.AprLifecycleListener.lifecycleEvent The APR based Apache Tomcat Native library which allows optimal performance in production environments was not found on the java.library.path: [/usr/java/packages/lib/amd64:/usr/lib/x86_64-linux-gnu/jni:/lib/x86_64-linux-gnu:/usr/lib/x86_64-linux-gnu:/usr/lib/jni:/lib:/usr/lib]
28-Jan-2021 11:24:39.146 INFO [main] org.apache.coyote.AbstractProtocol.init Initializing ProtocolHandler ["http-nio-8080"]
28-Jan-2021 11:24:39.158 SEVERE [main] org.apache.catalina.core.StandardService.initInternal Failed to initialize connector [Connector[HTTP/1.1-8080]]
 org.apache.catalina.LifecycleException: Failed to initialize component [Connector[HTTP/1.1-8080]]
	at org.apache.catalina.util.LifecycleBase.init(LifecycleBase.java:112)
	at org.apache.catalina.core.StandardService.initInternal(StandardService.java:549)
	at org.apache.catalina.util.LifecycleBase.init(LifecycleBase.java:107)
	at org.apache.catalina.core.StandardServer.initInternal(StandardServer.java:875)
	at org.apache.catalina.util.LifecycleBase.init(LifecycleBase.java:107)
	at org.apache.catalina.startup.Catalina.load(Catalina.java:621)
	at org.apache.catalina.startup.Catalina.load(Catalina.java:644)
	at sun.reflect.NativeMethodAccessorImpl.invoke0(Native Method)
	at sun.reflect.NativeMethodAccessorImpl.invoke(NativeMethodAccessorImpl.java:62)
	at sun.reflect.DelegatingMethodAccessorImpl.invoke(DelegatingMethodAccessorImpl.java:43)
	at java.lang.reflect.Method.invoke(Method.java:498)
	at org.apache.catalina.startup.Bootstrap.load(Bootstrap.java:309)
	at org.apache.catalina.startup.Bootstrap.main(Bootstrap.java:492)
Caused by: org.apache.catalina.LifecycleException: Protocol handler initialization failed
	at org.apache.catalina.connector.Connector.initInternal(Connector.java:995)
	at org.apache.catalina.util.LifecycleBase.init(LifecycleBase.java:107)
	... 12 more
Caused by: java.net.BindException: Address already in use
	at sun.nio.ch.Net.bind0(Native Method)
	at sun.nio.ch.Net.bind(Net.java:461)
	at sun.nio.ch.Net.bind(Net.java:453)
	at sun.nio.ch.ServerSocketChannelImpl.bind(ServerSocketChannelImpl.java:222)
	at sun.nio.ch.ServerSocketAdaptor.bind(ServerSocketAdaptor.java:85)
	at org.apache.tomcat.util.net.NioEndpoint.bind(NioEndpoint.java:210)
	at org.apache.tomcat.util.net.AbstractEndpoint.init(AbstractEndpoint.java:1082)
	at org.apache.tomcat.util.net.AbstractJsseEndpoint.init(AbstractJsseEndpoint.java:267)
	at org.apache.coyote.AbstractProtocol.init(AbstractProtocol.java:581)
	at org.apache.coyote.http11.AbstractHttp11Protocol.init(AbstractHttp11Protocol.java:66)
	at org.apache.catalina.connector.Connector.initInternal(Connector.java:993)
	... 13 more

28-Jan-2021 11:24:39.160 INFO [main] org.apache.coyote.AbstractProtocol.init Initializing ProtocolHandler ["ajp-nio-8009"]
28-Jan-2021 11:24:39.166 INFO [main] org.apache.tomcat.util.net.NioSelectorPool.getSharedSelector Using a shared selector for servlet write/read
28-Jan-2021 11:24:39.176 INFO [main] org.apache.catalina.startup.Catalina.load Initialization processed in 1268 ms
28-Jan-2021 11:24:39.233 INFO [main] org.apache.catalina.core.StandardService.startInternal Starting service [Catalina]
28-Jan-2021 11:24:39.233 INFO [main] org.apache.catalina.core.StandardEngine.startInternal Starting Servlet Engine: Apache Tomcat/8.5.24
28-Jan-2021 11:24:39.278 INFO [localhost-startStop-1] org.apache.catalina.startup.HostConfig.deployDirectory Deploying web application directory [/home/imsotired/Desktop/TE/WTL/tomcat_installation/apache-tomcat-8.5.24/webapps/docs]
28-Jan-2021 11:24:40.135 INFO [localhost-startStop-1] org.apache.catalina.startup.HostConfig.deployDirectory Deployment of web application directory [/home/imsotired/Desktop/TE/WTL/tomcat_installation/apache-tomcat-8.5.24/webapps/docs] has finished in [856] ms
28-Jan-2021 11:24:40.136 INFO [localhost-startStop-1] org.apache.catalina.startup.HostConfig.deployDirectory Deploying web application directory [/home/imsotired/Desktop/TE/WTL/tomcat_installation/apache-tomcat-8.5.24/webapps/ROOT]
28-Jan-2021 11:24:40.170 INFO [localhost-startStop-1] org.apache.catalina.startup.HostConfig.deployDirectory Deployment of web application directory [/home/imsotired/Desktop/TE/WTL/tomcat_installation/apache-tomcat-8.5.24/webapps/ROOT] has finished in [35] ms
28-Jan-2021 11:24:40.171 INFO [localhost-startStop-1] org.apache.catalina.startup.HostConfig.deployDirectory Deploying web application directory [/home/imsotired/Desktop/TE/WTL/tomcat_installation/apache-tomcat-8.5.24/webapps/host-manager]
28-Jan-2021 11:24:40.244 INFO [localhost-startStop-1] org.apache.catalina.startup.HostConfig.deployDirectory Deployment of web application directory [/home/imsotired/Desktop/TE/WTL/tomcat_installation/apache-tomcat-8.5.24/webapps/host-manager] has finished in [73] ms
28-Jan-2021 11:24:40.245 INFO [localhost-startStop-1] org.apache.catalina.startup.HostConfig.deployDirectory Deploying web application directory [/home/imsotired/Desktop/TE/WTL/tomcat_installation/apache-tomcat-8.5.24/webapps/manager]
28-Jan-2021 11:24:40.287 INFO [localhost-startStop-1] org.apache.catalina.startup.HostConfig.deployDirectory Deployment of web application directory [/home/imsotired/Desktop/TE/WTL/tomcat_installation/apache-tomcat-8.5.24/webapps/manager] has finished in [41] ms
28-Jan-2021 11:24:40.288 INFO [localhost-startStop-1] org.apache.catalina.startup.HostConfig.deployDirectory Deploying web application directory [/home/imsotired/Desktop/TE/WTL/tomcat_installation/apache-tomcat-8.5.24/webapps/examples]
28-Jan-2021 11:24:40.768 INFO [localhost-startStop-1] org.apache.catalina.startup.HostConfig.deployDirectory Deployment of web application directory [/home/imsotired/Desktop/TE/WTL/tomcat_installation/apache-tomcat-8.5.24/webapps/examples] has finished in [480] ms
28-Jan-2021 11:24:40.773 INFO [main] org.apache.coyote.AbstractProtocol.start Starting ProtocolHandler ["ajp-nio-8009"]
28-Jan-2021 11:24:40.808 INFO [main] org.apache.catalina.startup.Catalina.start Server startup in 1631 ms
28-Jan-2021 11:25:33.668 INFO [main] org.apache.catalina.startup.VersionLoggerListener.log Server version:        Apache Tomcat/8.5.24
28-Jan-2021 11:25:33.671 INFO [main] org.apache.catalina.startup.VersionLoggerListener.log Server built:          Nov 27 2017 13:05:30 UTC
28-Jan-2021 11:25:33.671 INFO [main] org.apache.catalina.startup.VersionLoggerListener.log Server number:         8.5.24.0
28-Jan-2021 11:25:33.671 INFO [main] org.apache.catalina.startup.VersionLoggerListener.log OS Name:               Linux
28-Jan-2021 11:25:33.671 INFO [main] org.apache.catalina.startup.VersionLoggerListener.log OS Version:            5.8.0-38-generic
28-Jan-2021 11:25:33.671 INFO [main] org.apache.catalina.startup.VersionLoggerListener.log Architecture:          amd64
28-Jan-2021 11:25:33.671 INFO [main] org.apache.catalina.startup.VersionLoggerListener.log Java Home:             /usr/lib/jvm/java-8-openjdk-amd64/jre
28-Jan-2021 11:25:33.671 INFO [main] org.apache.catalina.startup.VersionLoggerListener.log JVM Version:           1.8.0_275-8u275-b01-0ubuntu1~20.04-b01
28-Jan-2021 11:25:33.672 INFO [main] org.apache.catalina.startup.VersionLoggerListener.log JVM Vendor:            Private Build
28-Jan-2021 11:25:33.672 INFO [main] org.apache.catalina.startup.VersionLoggerListener.log CATALINA_BASE:         /home/imsotired/Desktop/TE/WTL/tomcat_installation/apache-tomcat-8.5.24
28-Jan-2021 11:25:33.672 INFO [main] org.apache.catalina.startup.VersionLoggerListener.log CATALINA_HOME:         /home/imsotired/Desktop/TE/WTL/tomcat_installation/apache-tomcat-8.5.24
28-Jan-2021 11:25:33.672 INFO [main] org.apache.catalina.startup.VersionLoggerListener.log Command line argument: -Djava.util.logging.config.file=/home/imsotired/Desktop/TE/WTL/tomcat_installation/apache-tomcat-8.5.24/conf/logging.properties
28-Jan-2021 11:25:33.672 INFO [main] org.apache.catalina.startup.VersionLoggerListener.log Command line argument: -Djava.util.logging.manager=org.apache.juli.ClassLoaderLogManager
28-Jan-2021 11:25:33.673 INFO [main] org.apache.catalina.startup.VersionLoggerListener.log Command line argument: -Djdk.tls.ephemeralDHKeySize=2048
28-Jan-2021 11:25:33.673 INFO [main] org.apache.catalina.startup.VersionLoggerListener.log Command line argument: -Djava.protocol.handler.pkgs=org.apache.catalina.webresources
28-Jan-2021 11:25:33.673 INFO [main] org.apache.catalina.startup.VersionLoggerListener.log Command line argument: -Dignore.endorsed.dirs=
28-Jan-2021 11:25:33.673 INFO [main] org.apache.catalina.startup.VersionLoggerListener.log Command line argument: -Dcatalina.base=/home/imsotired/Desktop/TE/WTL/tomcat_installation/apache-tomcat-8.5.24
28-Jan-2021 11:25:33.673 INFO [main] org.apache.catalina.startup.VersionLoggerListener.log Command line argument: -Dcatalina.home=/home/imsotired/Desktop/TE/WTL/tomcat_installation/apache-tomcat-8.5.24
28-Jan-2021 11:25:33.673 INFO [main] org.apache.catalina.startup.VersionLoggerListener.log Command line argument: -Djava.io.tmpdir=/home/imsotired/Desktop/TE/WTL/tomcat_installation/apache-tomcat-8.5.24/temp
28-Jan-2021 11:25:33.673 INFO [main] org.apache.catalina.core.AprLifecycleListener.lifecycleEvent The APR based Apache Tomcat Native library which allows optimal performance in production environments was not found on the java.library.path: [/usr/java/packages/lib/amd64:/usr/lib/x86_64-linux-gnu/jni:/lib/x86_64-linux-gnu:/usr/lib/x86_64-linux-gnu:/usr/lib/jni:/lib:/usr/lib]
28-Jan-2021 11:25:33.769 INFO [main] org.apache.coyote.AbstractProtocol.init Initializing ProtocolHandler ["http-nio-8080"]
28-Jan-2021 11:25:33.781 INFO [main] org.apache.tomcat.util.net.NioSelectorPool.getSharedSelector Using a shared selector for servlet write/read
28-Jan-2021 11:25:33.791 INFO [main] org.apache.coyote.AbstractProtocol.init Initializing ProtocolHandler ["ajp-nio-8009"]
28-Jan-2021 11:25:33.793 SEVERE [main] org.apache.catalina.core.StandardService.initInternal Failed to initialize connector [Connector[AJP/1.3-8009]]
 org.apache.catalina.LifecycleException: Failed to initialize component [Connector[AJP/1.3-8009]]
	at org.apache.catalina.util.LifecycleBase.init(LifecycleBase.java:112)
	at org.apache.catalina.core.StandardService.initInternal(StandardService.java:549)
	at org.apache.catalina.util.LifecycleBase.init(LifecycleBase.java:107)
	at org.apache.catalina.core.StandardServer.initInternal(StandardServer.java:875)
	at org.apache.catalina.util.LifecycleBase.init(LifecycleBase.java:107)
	at org.apache.catalina.startup.Catalina.load(Catalina.java:621)
	at org.apache.catalina.startup.Catalina.load(Catalina.java:644)
	at sun.reflect.NativeMethodAccessorImpl.invoke0(Native Method)
	at sun.reflect.NativeMethodAccessorImpl.invoke(NativeMethodAccessorImpl.java:62)
	at sun.reflect.DelegatingMethodAccessorImpl.invoke(DelegatingMethodAccessorImpl.java:43)
	at java.lang.reflect.Method.invoke(Method.java:498)
	at org.apache.catalina.startup.Bootstrap.load(Bootstrap.java:309)
	at org.apache.catalina.startup.Bootstrap.main(Bootstrap.java:492)
Caused by: org.apache.catalina.LifecycleException: Protocol handler initialization failed
	at org.apache.catalina.connector.Connector.initInternal(Connector.java:995)
	at org.apache.catalina.util.LifecycleBase.init(LifecycleBase.java:107)
	... 12 more
Caused by: java.net.BindException: Address already in use
	at sun.nio.ch.Net.bind0(Native Method)
	at sun.nio.ch.Net.bind(Net.java:461)
	at sun.nio.ch.Net.bind(Net.java:453)
	at sun.nio.ch.ServerSocketChannelImpl.bind(ServerSocketChannelImpl.java:222)
	at sun.nio.ch.ServerSocketAdaptor.bind(ServerSocketAdaptor.java:85)
	at org.apache.tomcat.util.net.NioEndpoint.bind(NioEndpoint.java:210)
	at org.apache.tomcat.util.net.AbstractEndpoint.init(AbstractEndpoint.java:1082)
	at org.apache.tomcat.util.net.AbstractJsseEndpoint.init(AbstractJsseEndpoint.java:267)
	at org.apache.coyote.AbstractProtocol.init(AbstractProtocol.java:581)
	at org.apache.catalina.connector.Connector.initInternal(Connector.java:993)
	... 13 more

28-Jan-2021 11:25:33.794 INFO [main] org.apache.catalina.startup.Catalina.load Initialization processed in 784 ms
28-Jan-2021 11:25:33.823 INFO [main] org.apache.catalina.core.StandardService.startInternal Starting service [Catalina]
28-Jan-2021 11:25:33.824 INFO [main] org.apache.catalina.core.StandardEngine.startInternal Starting Servlet Engine: Apache Tomcat/8.5.24
28-Jan-2021 11:25:33.863 INFO [localhost-startStop-1] org.apache.catalina.startup.HostConfig.deployDirectory Deploying web application directory [/home/imsotired/Desktop/TE/WTL/tomcat_installation/apache-tomcat-8.5.24/webapps/docs]
28-Jan-2021 11:25:34.231 INFO [localhost-startStop-1] org.apache.catalina.startup.HostConfig.deployDirectory Deployment of web application directory [/home/imsotired/Desktop/TE/WTL/tomcat_installation/apache-tomcat-8.5.24/webapps/docs] has finished in [367] ms
28-Jan-2021 11:25:34.231 INFO [localhost-startStop-1] org.apache.catalina.startup.HostConfig.deployDirectory Deploying web application directory [/home/imsotired/Desktop/TE/WTL/tomcat_installation/apache-tomcat-8.5.24/webapps/ROOT]
28-Jan-2021 11:25:34.255 INFO [localhost-startStop-1] org.apache.catalina.startup.HostConfig.deployDirectory Deployment of web application directory [/home/imsotired/Desktop/TE/WTL/tomcat_installation/apache-tomcat-8.5.24/webapps/ROOT] has finished in [24] ms
28-Jan-2021 11:25:34.255 INFO [localhost-startStop-1] org.apache.catalina.startup.HostConfig.deployDirectory Deploying web application directory [/home/imsotired/Desktop/TE/WTL/tomcat_installation/apache-tomcat-8.5.24/webapps/host-manager]
28-Jan-2021 11:25:34.301 INFO [localhost-startStop-1] org.apache.catalina.startup.HostConfig.deployDirectory Deployment of web application directory [/home/imsotired/Desktop/TE/WTL/tomcat_installation/apache-tomcat-8.5.24/webapps/host-manager] has finished in [46] ms
28-Jan-2021 11:25:34.301 INFO [localhost-startStop-1] org.apache.catalina.startup.HostConfig.deployDirectory Deploying web application directory [/home/imsotired/Desktop/TE/WTL/tomcat_installation/apache-tomcat-8.5.24/webapps/manager]
28-Jan-2021 11:25:34.334 INFO [localhost-startStop-1] org.apache.catalina.startup.HostConfig.deployDirectory Deployment of web application directory [/home/imsotired/Desktop/TE/WTL/tomcat_installation/apache-tomcat-8.5.24/webapps/manager] has finished in [32] ms
28-Jan-2021 11:25:34.334 INFO [localhost-startStop-1] org.apache.catalina.startup.HostConfig.deployDirectory Deploying web application directory [/home/imsotired/Desktop/TE/WTL/tomcat_installation/apache-tomcat-8.5.24/webapps/examples]
28-Jan-2021 11:25:34.713 INFO [localhost-startStop-1] org.apache.catalina.startup.HostConfig.deployDirectory Deployment of web application directory [/home/imsotired/Desktop/TE/WTL/tomcat_installation/apache-tomcat-8.5.24/webapps/examples] has finished in [379] ms
28-Jan-2021 11:25:34.718 INFO [main] org.apache.coyote.AbstractProtocol.start Starting ProtocolHandler ["http-nio-8080"]
28-Jan-2021 11:25:34.733 INFO [main] org.apache.catalina.startup.Catalina.start Server startup in 938 ms
28-Jan-2021 11:25:34.735 SEVERE [main] org.apache.catalina.core.StandardServer.await StandardServer.await: create[localhost:8005]: 
 java.net.BindException: Address already in use (Bind failed)
	at java.net.PlainSocketImpl.socketBind(Native Method)
	at java.net.AbstractPlainSocketImpl.bind(AbstractPlainSocketImpl.java:387)
	at java.net.ServerSocket.bind(ServerSocket.java:390)
	at java.net.ServerSocket.<init>(ServerSocket.java:252)
	at org.apache.catalina.core.StandardServer.await(StandardServer.java:440)
	at org.apache.catalina.startup.Catalina.await(Catalina.java:758)
	at org.apache.catalina.startup.Catalina.start(Catalina.java:704)
	at sun.reflect.NativeMethodAccessorImpl.invoke0(Native Method)
	at sun.reflect.NativeMethodAccessorImpl.invoke(NativeMethodAccessorImpl.java:62)
	at sun.reflect.DelegatingMethodAccessorImpl.invoke(DelegatingMethodAccessorImpl.java:43)
	at java.lang.reflect.Method.invoke(Method.java:498)
	at org.apache.catalina.startup.Bootstrap.start(Bootstrap.java:353)
	at org.apache.catalina.startup.Bootstrap.main(Bootstrap.java:493)

28-Jan-2021 11:25:34.736 INFO [main] org.apache.coyote.AbstractProtocol.pause Pausing ProtocolHandler ["http-nio-8080"]
28-Jan-2021 11:25:34.743 INFO [main] org.apache.coyote.AbstractProtocol.pause Pausing ProtocolHandler ["ajp-nio-8009"]
28-Jan-2021 11:25:34.743 INFO [main] org.apache.catalina.core.StandardService.stopInternal Stopping service [Catalina]
28-Jan-2021 11:25:34.828 INFO [main] org.apache.coyote.AbstractProtocol.stop Stopping ProtocolHandler ["http-nio-8080"]
28-Jan-2021 11:25:34.836 INFO [main] org.apache.coyote.AbstractProtocol.destroy Destroying ProtocolHandler ["http-nio-8080"]
28-Jan-2021 11:25:34.837 INFO [main] org.apache.coyote.AbstractProtocol.stop Stopping ProtocolHandler ["ajp-nio-8009"]
28-Jan-2021 11:25:34.838 INFO [main] org.apache.coyote.AbstractProtocol.destroy Destroying ProtocolHandler ["ajp-nio-8009"]
NOTE: Picked up JDK_JAVA_OPTIONS:  --add-opens=java.base/java.lang=ALL-UNNAMED --add-opens=java.rmi/sun.rmi.transport=ALL-UNNAMED
28-Jan-2021 11:28:27.755 INFO [main] org.apache.catalina.startup.VersionLoggerListener.log Server version:        Apache Tomcat/8.5.24
28-Jan-2021 11:28:27.766 INFO [main] org.apache.catalina.startup.VersionLoggerListener.log Server built:          Nov 27 2017 13:05:30 UTC
28-Jan-2021 11:28:27.767 INFO [main] org.apache.catalina.startup.VersionLoggerListener.log Server number:         8.5.24.0
28-Jan-2021 11:28:27.767 INFO [main] org.apache.catalina.startup.VersionLoggerListener.log OS Name:               Linux
28-Jan-2021 11:28:27.767 INFO [main] org.apache.catalina.startup.VersionLoggerListener.log OS Version:            5.8.0-38-generic
28-Jan-2021 11:28:27.768 INFO [main] org.apache.catalina.startup.VersionLoggerListener.log Architecture:          amd64
28-Jan-2021 11:28:27.768 INFO [main] org.apache.catalina.startup.VersionLoggerListener.log Java Home:             /usr/lib/jvm/java-11-openjdk-amd64
28-Jan-2021 11:28:27.768 INFO [main] org.apache.catalina.startup.VersionLoggerListener.log JVM Version:           11.0.9.1+1-Ubuntu-0ubuntu1.20.04
28-Jan-2021 11:28:27.769 INFO [main] org.apache.catalina.startup.VersionLoggerListener.log JVM Vendor:            Ubuntu
28-Jan-2021 11:28:27.769 INFO [main] org.apache.catalina.startup.VersionLoggerListener.log CATALINA_BASE:         /home/imsotired/Desktop/TE/WTL/tomcat_installation/apache-tomcat-8.5.24
28-Jan-2021 11:28:27.769 INFO [main] org.apache.catalina.startup.VersionLoggerListener.log CATALINA_HOME:         /home/imsotired/Desktop/TE/WTL/tomcat_installation/apache-tomcat-8.5.24
28-Jan-2021 11:28:27.794 INFO [main] org.apache.catalina.startup.VersionLoggerListener.log Command line argument: --add-opens=java.base/java.lang=ALL-UNNAMED
28-Jan-2021 11:28:27.796 INFO [main] org.apache.catalina.startup.VersionLoggerListener.log Command line argument: --add-opens=java.rmi/sun.rmi.transport=ALL-UNNAMED
28-Jan-2021 11:28:27.797 INFO [main] org.apache.catalina.startup.VersionLoggerListener.log Command line argument: -Djava.util.logging.config.file=/home/imsotired/Desktop/TE/WTL/tomcat_installation/apache-tomcat-8.5.24/conf/logging.properties
28-Jan-2021 11:28:27.797 INFO [main] org.apache.catalina.startup.VersionLoggerListener.log Command line argument: -Djava.util.logging.manager=org.apache.juli.ClassLoaderLogManager
28-Jan-2021 11:28:27.797 INFO [main] org.apache.catalina.startup.VersionLoggerListener.log Command line argument: -Djdk.tls.ephemeralDHKeySize=2048
28-Jan-2021 11:28:27.797 INFO [main] org.apache.catalina.startup.VersionLoggerListener.log Command line argument: -Djava.protocol.handler.pkgs=org.apache.catalina.webresources
28-Jan-2021 11:28:27.798 INFO [main] org.apache.catalina.startup.VersionLoggerListener.log Command line argument: -Dignore.endorsed.dirs=
28-Jan-2021 11:28:27.798 INFO [main] org.apache.catalina.startup.VersionLoggerListener.log Command line argument: -Dcatalina.base=/home/imsotired/Desktop/TE/WTL/tomcat_installation/apache-tomcat-8.5.24
28-Jan-2021 11:28:27.798 INFO [main] org.apache.catalina.startup.VersionLoggerListener.log Command line argument: -Dcatalina.home=/home/imsotired/Desktop/TE/WTL/tomcat_installation/apache-tomcat-8.5.24
28-Jan-2021 11:28:27.798 INFO [main] org.apache.catalina.startup.VersionLoggerListener.log Command line argument: -Djava.io.tmpdir=/home/imsotired/Desktop/TE/WTL/tomcat_installation/apache-tomcat-8.5.24/temp
28-Jan-2021 11:28:27.799 INFO [main] org.apache.catalina.core.AprLifecycleListener.lifecycleEvent The APR based Apache Tomcat Native library which allows optimal performance in production environments was not found on the java.library.path: [/usr/java/packages/lib:/usr/lib/x86_64-linux-gnu/jni:/lib/x86_64-linux-gnu:/usr/lib/x86_64-linux-gnu:/usr/lib/jni:/lib:/usr/lib]
28-Jan-2021 11:28:27.901 INFO [main] org.apache.coyote.AbstractProtocol.init Initializing ProtocolHandler ["http-nio-8080"]
28-Jan-2021 11:28:28.022 INFO [main] org.apache.tomcat.util.net.NioSelectorPool.getSharedSelector Using a shared selector for servlet write/read
28-Jan-2021 11:28:28.053 INFO [main] org.apache.coyote.AbstractProtocol.init Initializing ProtocolHandler ["ajp-nio-8009"]
28-Jan-2021 11:28:28.060 SEVERE [main] org.apache.catalina.core.StandardService.initInternal Failed to initialize connector [Connector[AJP/1.3-8009]]
 org.apache.catalina.LifecycleException: Failed to initialize component [Connector[AJP/1.3-8009]]
	at org.apache.catalina.util.LifecycleBase.init(LifecycleBase.java:112)
	at org.apache.catalina.core.StandardService.initInternal(StandardService.java:549)
	at org.apache.catalina.util.LifecycleBase.init(LifecycleBase.java:107)
	at org.apache.catalina.core.StandardServer.initInternal(StandardServer.java:875)
	at org.apache.catalina.util.LifecycleBase.init(LifecycleBase.java:107)
	at org.apache.catalina.startup.Catalina.load(Catalina.java:621)
	at org.apache.catalina.startup.Catalina.load(Catalina.java:644)
	at java.base/jdk.internal.reflect.NativeMethodAccessorImpl.invoke0(Native Method)
	at java.base/jdk.internal.reflect.NativeMethodAccessorImpl.invoke(NativeMethodAccessorImpl.java:62)
	at java.base/jdk.internal.reflect.DelegatingMethodAccessorImpl.invoke(DelegatingMethodAccessorImpl.java:43)
	at java.base/java.lang.reflect.Method.invoke(Method.java:566)
	at org.apache.catalina.startup.Bootstrap.load(Bootstrap.java:309)
	at org.apache.catalina.startup.Bootstrap.main(Bootstrap.java:492)
Caused by: org.apache.catalina.LifecycleException: Protocol handler initialization failed
	at org.apache.catalina.connector.Connector.initInternal(Connector.java:995)
	at org.apache.catalina.util.LifecycleBase.init(LifecycleBase.java:107)
	... 12 more
Caused by: java.net.BindException: Address already in use
	at java.base/sun.nio.ch.Net.bind0(Native Method)
	at java.base/sun.nio.ch.Net.bind(Net.java:455)
	at java.base/sun.nio.ch.Net.bind(Net.java:447)
	at java.base/sun.nio.ch.ServerSocketChannelImpl.bind(ServerSocketChannelImpl.java:227)
	at java.base/sun.nio.ch.ServerSocketAdaptor.bind(ServerSocketAdaptor.java:80)
	at org.apache.tomcat.util.net.NioEndpoint.bind(NioEndpoint.java:210)
	at org.apache.tomcat.util.net.AbstractEndpoint.init(AbstractEndpoint.java:1082)
	at org.apache.tomcat.util.net.AbstractJsseEndpoint.init(AbstractJsseEndpoint.java:267)
	at org.apache.coyote.AbstractProtocol.init(AbstractProtocol.java:581)
	at org.apache.catalina.connector.Connector.initInternal(Connector.java:993)
	... 13 more

28-Jan-2021 11:28:28.064 INFO [main] org.apache.catalina.startup.Catalina.load Initialization processed in 1987 ms
28-Jan-2021 11:28:28.277 INFO [main] org.apache.catalina.core.StandardService.startInternal Starting service [Catalina]
28-Jan-2021 11:28:28.277 INFO [main] org.apache.catalina.core.StandardEngine.startInternal Starting Servlet Engine: Apache Tomcat/8.5.24
28-Jan-2021 11:28:28.304 INFO [localhost-startStop-1] org.apache.catalina.startup.HostConfig.deployDirectory Deploying web application directory [/home/imsotired/Desktop/TE/WTL/tomcat_installation/apache-tomcat-8.5.24/webapps/docs]
28-Jan-2021 11:28:29.197 WARNING [localhost-startStop-1] org.apache.catalina.util.SessionIdGeneratorBase.createSecureRandom Creation of SecureRandom instance for session ID generation using [SHA1PRNG] took [131] milliseconds.
28-Jan-2021 11:28:29.236 INFO [localhost-startStop-1] org.apache.catalina.startup.HostConfig.deployDirectory Deployment of web application directory [/home/imsotired/Desktop/TE/WTL/tomcat_installation/apache-tomcat-8.5.24/webapps/docs] has finished in [933] ms
28-Jan-2021 11:28:29.236 INFO [localhost-startStop-1] org.apache.catalina.startup.HostConfig.deployDirectory Deploying web application directory [/home/imsotired/Desktop/TE/WTL/tomcat_installation/apache-tomcat-8.5.24/webapps/ROOT]
28-Jan-2021 11:28:29.265 INFO [localhost-startStop-1] org.apache.catalina.startup.HostConfig.deployDirectory Deployment of web application directory [/home/imsotired/Desktop/TE/WTL/tomcat_installation/apache-tomcat-8.5.24/webapps/ROOT] has finished in [29] ms
28-Jan-2021 11:28:29.265 INFO [localhost-startStop-1] org.apache.catalina.startup.HostConfig.deployDirectory Deploying web application directory [/home/imsotired/Desktop/TE/WTL/tomcat_installation/apache-tomcat-8.5.24/webapps/host-manager]
28-Jan-2021 11:28:29.389 INFO [localhost-startStop-1] org.apache.catalina.startup.HostConfig.deployDirectory Deployment of web application directory [/home/imsotired/Desktop/TE/WTL/tomcat_installation/apache-tomcat-8.5.24/webapps/host-manager] has finished in [124] ms
28-Jan-2021 11:28:29.389 INFO [localhost-startStop-1] org.apache.catalina.startup.HostConfig.deployDirectory Deploying web application directory [/home/imsotired/Desktop/TE/WTL/tomcat_installation/apache-tomcat-8.5.24/webapps/manager]
28-Jan-2021 11:28:29.428 INFO [localhost-startStop-1] org.apache.catalina.startup.HostConfig.deployDirectory Deployment of web application directory [/home/imsotired/Desktop/TE/WTL/tomcat_installation/apache-tomcat-8.5.24/webapps/manager] has finished in [38] ms
28-Jan-2021 11:28:29.428 INFO [localhost-startStop-1] org.apache.catalina.startup.HostConfig.deployDirectory Deploying web application directory [/home/imsotired/Desktop/TE/WTL/tomcat_installation/apache-tomcat-8.5.24/webapps/examples]
28-Jan-2021 11:28:30.106 INFO [localhost-startStop-1] org.apache.catalina.startup.HostConfig.deployDirectory Deployment of web application directory [/home/imsotired/Desktop/TE/WTL/tomcat_installation/apache-tomcat-8.5.24/webapps/examples] has finished in [678] ms
28-Jan-2021 11:28:30.111 INFO [main] org.apache.coyote.AbstractProtocol.start Starting ProtocolHandler ["http-nio-8080"]
28-Jan-2021 11:28:30.122 INFO [main] org.apache.catalina.startup.Catalina.start Server startup in 2057 ms
28-Jan-2021 11:28:30.207 SEVERE [main] org.apache.catalina.core.StandardServer.await StandardServer.await: create[localhost:8005]: 
 java.net.BindException: Address already in use (Bind failed)
	at java.base/java.net.PlainSocketImpl.socketBind(Native Method)
	at java.base/java.net.AbstractPlainSocketImpl.bind(AbstractPlainSocketImpl.java:436)
	at java.base/java.net.ServerSocket.bind(ServerSocket.java:395)
	at java.base/java.net.ServerSocket.<init>(ServerSocket.java:257)
	at org.apache.catalina.core.StandardServer.await(StandardServer.java:440)
	at org.apache.catalina.startup.Catalina.await(Catalina.java:758)
	at org.apache.catalina.startup.Catalina.start(Catalina.java:704)
	at java.base/jdk.internal.reflect.NativeMethodAccessorImpl.invoke0(Native Method)
	at java.base/jdk.internal.reflect.NativeMethodAccessorImpl.invoke(NativeMethodAccessorImpl.java:62)
	at java.base/jdk.internal.reflect.DelegatingMethodAccessorImpl.invoke(DelegatingMethodAccessorImpl.java:43)
	at java.base/java.lang.reflect.Method.invoke(Method.java:566)
	at org.apache.catalina.startup.Bootstrap.start(Bootstrap.java:353)
	at org.apache.catalina.startup.Bootstrap.main(Bootstrap.java:493)

28-Jan-2021 11:28:30.215 INFO [main] org.apache.coyote.AbstractProtocol.pause Pausing ProtocolHandler ["http-nio-8080"]
28-Jan-2021 11:28:30.299 INFO [main] org.apache.coyote.AbstractProtocol.pause Pausing ProtocolHandler ["ajp-nio-8009"]
28-Jan-2021 11:28:30.299 INFO [main] org.apache.catalina.core.StandardService.stopInternal Stopping service [Catalina]
28-Jan-2021 11:28:30.420 INFO [main] org.apache.coyote.AbstractProtocol.stop Stopping ProtocolHandler ["http-nio-8080"]
28-Jan-2021 11:28:30.423 INFO [main] org.apache.coyote.AbstractProtocol.destroy Destroying ProtocolHandler ["http-nio-8080"]
28-Jan-2021 11:28:30.424 INFO [main] org.apache.coyote.AbstractProtocol.stop Stopping ProtocolHandler ["ajp-nio-8009"]
28-Jan-2021 11:28:30.424 INFO [main] org.apache.coyote.AbstractProtocol.destroy Destroying ProtocolHandler ["ajp-nio-8009"]
