21-Jan-2021 11:51:39.578 INFO [main] org.apache.catalina.startup.VersionLoggerListener.log Server version:        Apache Tomcat/8.5.24
21-Jan-2021 11:51:39.583 INFO [main] org.apache.catalina.startup.VersionLoggerListener.log Server built:          Nov 27 2017 13:05:30 UTC
21-Jan-2021 11:51:39.584 INFO [main] org.apache.catalina.startup.VersionLoggerListener.log Server number:         8.5.24.0
21-Jan-2021 11:51:39.584 INFO [main] org.apache.catalina.startup.VersionLoggerListener.log OS Name:               Linux
21-Jan-2021 11:51:39.584 INFO [main] org.apache.catalina.startup.VersionLoggerListener.log OS Version:            5.8.0-38-generic
21-Jan-2021 11:51:39.585 INFO [main] org.apache.catalina.startup.VersionLoggerListener.log Architecture:          amd64
21-Jan-2021 11:51:39.585 INFO [main] org.apache.catalina.startup.VersionLoggerListener.log Java Home:             /usr/lib/jvm/java-11-openjdk-amd64
21-Jan-2021 11:51:39.585 INFO [main] org.apache.catalina.startup.VersionLoggerListener.log JVM Version:           11.0.9.1+1-Ubuntu-0ubuntu1.20.04
21-Jan-2021 11:51:39.586 INFO [main] org.apache.catalina.startup.VersionLoggerListener.log JVM Vendor:            Ubuntu
21-Jan-2021 11:51:39.586 INFO [main] org.apache.catalina.startup.VersionLoggerListener.log CATALINA_BASE:         /home/imsotired/Desktop/TE/WTL/tomcat_installation/apache-tomcat-8.5.24
21-Jan-2021 11:51:39.586 INFO [main] org.apache.catalina.startup.VersionLoggerListener.log CATALINA_HOME:         /home/imsotired/Desktop/TE/WTL/tomcat_installation/apache-tomcat-8.5.24
21-Jan-2021 11:51:39.599 INFO [main] org.apache.catalina.startup.VersionLoggerListener.log Command line argument: --add-opens=java.base/java.lang=ALL-UNNAMED
21-Jan-2021 11:51:39.600 INFO [main] org.apache.catalina.startup.VersionLoggerListener.log Command line argument: --add-opens=java.rmi/sun.rmi.transport=ALL-UNNAMED
21-Jan-2021 11:51:39.600 INFO [main] org.apache.catalina.startup.VersionLoggerListener.log Command line argument: -Djava.util.logging.config.file=/home/imsotired/Desktop/TE/WTL/tomcat_installation/apache-tomcat-8.5.24/conf/logging.properties
21-Jan-2021 11:51:39.601 INFO [main] org.apache.catalina.startup.VersionLoggerListener.log Command line argument: -Djava.util.logging.manager=org.apache.juli.ClassLoaderLogManager
21-Jan-2021 11:51:39.601 INFO [main] org.apache.catalina.startup.VersionLoggerListener.log Command line argument: -Djdk.tls.ephemeralDHKeySize=2048
21-Jan-2021 11:51:39.601 INFO [main] org.apache.catalina.startup.VersionLoggerListener.log Command line argument: -Djava.protocol.handler.pkgs=org.apache.catalina.webresources
21-Jan-2021 11:51:39.602 INFO [main] org.apache.catalina.startup.VersionLoggerListener.log Command line argument: -Dignore.endorsed.dirs=
21-Jan-2021 11:51:39.602 INFO [main] org.apache.catalina.startup.VersionLoggerListener.log Command line argument: -Dcatalina.base=/home/imsotired/Desktop/TE/WTL/tomcat_installation/apache-tomcat-8.5.24
21-Jan-2021 11:51:39.602 INFO [main] org.apache.catalina.startup.VersionLoggerListener.log Command line argument: -Dcatalina.home=/home/imsotired/Desktop/TE/WTL/tomcat_installation/apache-tomcat-8.5.24
21-Jan-2021 11:51:39.603 INFO [main] org.apache.catalina.startup.VersionLoggerListener.log Command line argument: -Djava.io.tmpdir=/home/imsotired/Desktop/TE/WTL/tomcat_installation/apache-tomcat-8.5.24/temp
21-Jan-2021 11:51:39.603 INFO [main] org.apache.catalina.core.AprLifecycleListener.lifecycleEvent The APR based Apache Tomcat Native library which allows optimal performance in production environments was not found on the java.library.path: [/usr/java/packages/lib:/usr/lib/x86_64-linux-gnu/jni:/lib/x86_64-linux-gnu:/usr/lib/x86_64-linux-gnu:/usr/lib/jni:/lib:/usr/lib]
21-Jan-2021 11:51:39.694 INFO [main] org.apache.coyote.AbstractProtocol.init Initializing ProtocolHandler ["http-nio-8080"]
21-Jan-2021 11:51:39.746 INFO [main] org.apache.tomcat.util.net.NioSelectorPool.getSharedSelector Using a shared selector for servlet write/read
21-Jan-2021 11:51:39.767 INFO [main] org.apache.coyote.AbstractProtocol.init Initializing ProtocolHandler ["ajp-nio-8009"]
21-Jan-2021 11:51:39.770 INFO [main] org.apache.tomcat.util.net.NioSelectorPool.getSharedSelector Using a shared selector for servlet write/read
21-Jan-2021 11:51:39.771 INFO [main] org.apache.catalina.startup.Catalina.load Initialization processed in 1499 ms
21-Jan-2021 11:51:39.921 INFO [main] org.apache.catalina.core.StandardService.startInternal Starting service [Catalina]
21-Jan-2021 11:51:39.922 INFO [main] org.apache.catalina.core.StandardEngine.startInternal Starting Servlet Engine: Apache Tomcat/8.5.24
21-Jan-2021 11:51:39.966 INFO [localhost-startStop-1] org.apache.catalina.startup.HostConfig.deployDirectory Deploying web application directory [/home/imsotired/Desktop/TE/WTL/tomcat_installation/apache-tomcat-8.5.24/webapps/docs]
21-Jan-2021 11:51:40.747 INFO [localhost-startStop-1] org.apache.catalina.startup.HostConfig.deployDirectory Deployment of web application directory [/home/imsotired/Desktop/TE/WTL/tomcat_installation/apache-tomcat-8.5.24/webapps/docs] has finished in [781] ms
21-Jan-2021 11:51:40.748 INFO [localhost-startStop-1] org.apache.catalina.startup.HostConfig.deployDirectory Deploying web application directory [/home/imsotired/Desktop/TE/WTL/tomcat_installation/apache-tomcat-8.5.24/webapps/ROOT]
21-Jan-2021 11:51:40.784 INFO [localhost-startStop-1] org.apache.catalina.startup.HostConfig.deployDirectory Deployment of web application directory [/home/imsotired/Desktop/TE/WTL/tomcat_installation/apache-tomcat-8.5.24/webapps/ROOT] has finished in [35] ms
21-Jan-2021 11:51:40.784 INFO [localhost-startStop-1] org.apache.catalina.startup.HostConfig.deployDirectory Deploying web application directory [/home/imsotired/Desktop/TE/WTL/tomcat_installation/apache-tomcat-8.5.24/webapps/host-manager]
21-Jan-2021 11:51:40.871 INFO [localhost-startStop-1] org.apache.catalina.startup.HostConfig.deployDirectory Deployment of web application directory [/home/imsotired/Desktop/TE/WTL/tomcat_installation/apache-tomcat-8.5.24/webapps/host-manager] has finished in [87] ms
21-Jan-2021 11:51:40.872 INFO [localhost-startStop-1] org.apache.catalina.startup.HostConfig.deployDirectory Deploying web application directory [/home/imsotired/Desktop/TE/WTL/tomcat_installation/apache-tomcat-8.5.24/webapps/manager]
21-Jan-2021 11:51:40.911 INFO [localhost-startStop-1] org.apache.catalina.startup.HostConfig.deployDirectory Deployment of web application directory [/home/imsotired/Desktop/TE/WTL/tomcat_installation/apache-tomcat-8.5.24/webapps/manager] has finished in [39] ms
21-Jan-2021 11:51:40.912 INFO [localhost-startStop-1] org.apache.catalina.startup.HostConfig.deployDirectory Deploying web application directory [/home/imsotired/Desktop/TE/WTL/tomcat_installation/apache-tomcat-8.5.24/webapps/examples]
21-Jan-2021 11:51:41.425 INFO [localhost-startStop-1] org.apache.catalina.startup.HostConfig.deployDirectory Deployment of web application directory [/home/imsotired/Desktop/TE/WTL/tomcat_installation/apache-tomcat-8.5.24/webapps/examples] has finished in [513] ms
21-Jan-2021 11:51:41.431 INFO [main] org.apache.coyote.AbstractProtocol.start Starting ProtocolHandler ["http-nio-8080"]
21-Jan-2021 11:51:41.453 INFO [main] org.apache.coyote.AbstractProtocol.start Starting ProtocolHandler ["ajp-nio-8009"]
21-Jan-2021 11:51:41.468 INFO [main] org.apache.catalina.startup.Catalina.start Server startup in 1697 ms
21-Jan-2021 11:57:53.037 INFO [main] org.apache.catalina.core.StandardServer.await A valid shutdown command was received via the shutdown port. Stopping the Server instance.
21-Jan-2021 11:57:53.038 INFO [main] org.apache.coyote.AbstractProtocol.pause Pausing ProtocolHandler ["http-nio-8080"]
21-Jan-2021 11:57:53.092 INFO [main] org.apache.coyote.AbstractProtocol.pause Pausing ProtocolHandler ["ajp-nio-8009"]
21-Jan-2021 11:57:53.094 INFO [main] org.apache.catalina.core.StandardService.stopInternal Stopping service [Catalina]
21-Jan-2021 11:57:53.201 INFO [main] org.apache.coyote.AbstractProtocol.stop Stopping ProtocolHandler ["http-nio-8080"]
21-Jan-2021 11:57:53.206 INFO [main] org.apache.coyote.AbstractProtocol.stop Stopping ProtocolHandler ["ajp-nio-8009"]
21-Jan-2021 11:57:53.218 INFO [main] org.apache.coyote.AbstractProtocol.destroy Destroying ProtocolHandler ["http-nio-8080"]
21-Jan-2021 11:57:53.228 INFO [main] org.apache.coyote.AbstractProtocol.destroy Destroying ProtocolHandler ["ajp-nio-8009"]
21-Jan-2021 11:58:05.368 INFO [main] org.apache.catalina.startup.VersionLoggerListener.log Server version:        Apache Tomcat/8.5.24
21-Jan-2021 11:58:05.375 INFO [main] org.apache.catalina.startup.VersionLoggerListener.log Server built:          Nov 27 2017 13:05:30 UTC
21-Jan-2021 11:58:05.376 INFO [main] org.apache.catalina.startup.VersionLoggerListener.log Server number:         8.5.24.0
21-Jan-2021 11:58:05.376 INFO [main] org.apache.catalina.startup.VersionLoggerListener.log OS Name:               Linux
21-Jan-2021 11:58:05.376 INFO [main] org.apache.catalina.startup.VersionLoggerListener.log OS Version:            5.8.0-38-generic
21-Jan-2021 11:58:05.376 INFO [main] org.apache.catalina.startup.VersionLoggerListener.log Architecture:          amd64
21-Jan-2021 11:58:05.377 INFO [main] org.apache.catalina.startup.VersionLoggerListener.log Java Home:             /usr/lib/jvm/java-11-openjdk-amd64
21-Jan-2021 11:58:05.378 INFO [main] org.apache.catalina.startup.VersionLoggerListener.log JVM Version:           11.0.9.1+1-Ubuntu-0ubuntu1.20.04
21-Jan-2021 11:58:05.378 INFO [main] org.apache.catalina.startup.VersionLoggerListener.log JVM Vendor:            Ubuntu
21-Jan-2021 11:58:05.378 INFO [main] org.apache.catalina.startup.VersionLoggerListener.log CATALINA_BASE:         /home/imsotired/Desktop/TE/WTL/tomcat_installation/apache-tomcat-8.5.24
21-Jan-2021 11:58:05.378 INFO [main] org.apache.catalina.startup.VersionLoggerListener.log CATALINA_HOME:         /home/imsotired/Desktop/TE/WTL/tomcat_installation/apache-tomcat-8.5.24
21-Jan-2021 11:58:05.379 INFO [main] org.apache.catalina.startup.VersionLoggerListener.log Command line argument: --add-opens=java.base/java.lang=ALL-UNNAMED
21-Jan-2021 11:58:05.379 INFO [main] org.apache.catalina.startup.VersionLoggerListener.log Command line argument: --add-opens=java.rmi/sun.rmi.transport=ALL-UNNAMED
21-Jan-2021 11:58:05.380 INFO [main] org.apache.catalina.startup.VersionLoggerListener.log Command line argument: -Djava.util.logging.config.file=/home/imsotired/Desktop/TE/WTL/tomcat_installation/apache-tomcat-8.5.24/conf/logging.properties
21-Jan-2021 11:58:05.380 INFO [main] org.apache.catalina.startup.VersionLoggerListener.log Command line argument: -Djava.util.logging.manager=org.apache.juli.ClassLoaderLogManager
21-Jan-2021 11:58:05.381 INFO [main] org.apache.catalina.startup.VersionLoggerListener.log Command line argument: -Djdk.tls.ephemeralDHKeySize=2048
21-Jan-2021 11:58:05.381 INFO [main] org.apache.catalina.startup.VersionLoggerListener.log Command line argument: -Djava.protocol.handler.pkgs=org.apache.catalina.webresources
21-Jan-2021 11:58:05.381 INFO [main] org.apache.catalina.startup.VersionLoggerListener.log Command line argument: -Dignore.endorsed.dirs=
21-Jan-2021 11:58:05.382 INFO [main] org.apache.catalina.startup.VersionLoggerListener.log Command line argument: -Dcatalina.base=/home/imsotired/Desktop/TE/WTL/tomcat_installation/apache-tomcat-8.5.24
21-Jan-2021 11:58:05.382 INFO [main] org.apache.catalina.startup.VersionLoggerListener.log Command line argument: -Dcatalina.home=/home/imsotired/Desktop/TE/WTL/tomcat_installation/apache-tomcat-8.5.24
21-Jan-2021 11:58:05.382 INFO [main] org.apache.catalina.startup.VersionLoggerListener.log Command line argument: -Djava.io.tmpdir=/home/imsotired/Desktop/TE/WTL/tomcat_installation/apache-tomcat-8.5.24/temp
21-Jan-2021 11:58:05.382 INFO [main] org.apache.catalina.core.AprLifecycleListener.lifecycleEvent The APR based Apache Tomcat Native library which allows optimal performance in production environments was not found on the java.library.path: [/usr/java/packages/lib:/usr/lib/x86_64-linux-gnu/jni:/lib/x86_64-linux-gnu:/usr/lib/x86_64-linux-gnu:/usr/lib/jni:/lib:/usr/lib]
21-Jan-2021 11:58:05.452 INFO [main] org.apache.coyote.AbstractProtocol.init Initializing ProtocolHandler ["http-nio-8080"]
21-Jan-2021 11:58:05.473 INFO [main] org.apache.tomcat.util.net.NioSelectorPool.getSharedSelector Using a shared selector for servlet write/read
21-Jan-2021 11:58:05.520 INFO [main] org.apache.coyote.AbstractProtocol.init Initializing ProtocolHandler ["ajp-nio-8009"]
21-Jan-2021 11:58:05.522 INFO [main] org.apache.tomcat.util.net.NioSelectorPool.getSharedSelector Using a shared selector for servlet write/read
21-Jan-2021 11:58:05.527 INFO [main] org.apache.catalina.startup.Catalina.load Initialization processed in 969 ms
21-Jan-2021 11:58:05.664 INFO [main] org.apache.catalina.core.StandardService.startInternal Starting service [Catalina]
21-Jan-2021 11:58:05.664 INFO [main] org.apache.catalina.core.StandardEngine.startInternal Starting Servlet Engine: Apache Tomcat/8.5.24
21-Jan-2021 11:58:05.684 INFO [localhost-startStop-1] org.apache.catalina.startup.HostConfig.deployDirectory Deploying web application directory [/home/imsotired/Desktop/TE/WTL/tomcat_installation/apache-tomcat-8.5.24/webapps/docs]
21-Jan-2021 11:58:06.343 INFO [localhost-startStop-1] org.apache.catalina.startup.HostConfig.deployDirectory Deployment of web application directory [/home/imsotired/Desktop/TE/WTL/tomcat_installation/apache-tomcat-8.5.24/webapps/docs] has finished in [659] ms
21-Jan-2021 11:58:06.344 INFO [localhost-startStop-1] org.apache.catalina.startup.HostConfig.deployDirectory Deploying web application directory [/home/imsotired/Desktop/TE/WTL/tomcat_installation/apache-tomcat-8.5.24/webapps/ROOT]
21-Jan-2021 11:58:06.382 INFO [localhost-startStop-1] org.apache.catalina.startup.HostConfig.deployDirectory Deployment of web application directory [/home/imsotired/Desktop/TE/WTL/tomcat_installation/apache-tomcat-8.5.24/webapps/ROOT] has finished in [38] ms
21-Jan-2021 11:58:06.383 INFO [localhost-startStop-1] org.apache.catalina.startup.HostConfig.deployDirectory Deploying web application directory [/home/imsotired/Desktop/TE/WTL/tomcat_installation/apache-tomcat-8.5.24/webapps/host-manager]
21-Jan-2021 11:58:06.453 INFO [localhost-startStop-1] org.apache.catalina.startup.HostConfig.deployDirectory Deployment of web application directory [/home/imsotired/Desktop/TE/WTL/tomcat_installation/apache-tomcat-8.5.24/webapps/host-manager] has finished in [70] ms
21-Jan-2021 11:58:06.454 INFO [localhost-startStop-1] org.apache.catalina.startup.HostConfig.deployDirectory Deploying web application directory [/home/imsotired/Desktop/TE/WTL/tomcat_installation/apache-tomcat-8.5.24/webapps/manager]
21-Jan-2021 11:58:06.500 INFO [localhost-startStop-1] org.apache.catalina.startup.HostConfig.deployDirectory Deployment of web application directory [/home/imsotired/Desktop/TE/WTL/tomcat_installation/apache-tomcat-8.5.24/webapps/manager] has finished in [46] ms
21-Jan-2021 11:58:06.501 INFO [localhost-startStop-1] org.apache.catalina.startup.HostConfig.deployDirectory Deploying web application directory [/home/imsotired/Desktop/TE/WTL/tomcat_installation/apache-tomcat-8.5.24/webapps/examples]
21-Jan-2021 11:58:06.888 INFO [localhost-startStop-1] org.apache.catalina.startup.HostConfig.deployDirectory Deployment of web application directory [/home/imsotired/Desktop/TE/WTL/tomcat_installation/apache-tomcat-8.5.24/webapps/examples] has finished in [387] ms
21-Jan-2021 11:58:06.897 INFO [main] org.apache.coyote.AbstractProtocol.start Starting ProtocolHandler ["http-nio-8080"]
21-Jan-2021 11:58:06.913 INFO [main] org.apache.coyote.AbstractProtocol.start Starting ProtocolHandler ["ajp-nio-8009"]
21-Jan-2021 11:58:06.926 INFO [main] org.apache.catalina.startup.Catalina.start Server startup in 1399 ms
21-Jan-2021 12:19:43.422 INFO [main] org.apache.catalina.core.StandardServer.await A valid shutdown command was received via the shutdown port. Stopping the Server instance.
21-Jan-2021 12:19:43.423 INFO [main] org.apache.coyote.AbstractProtocol.pause Pausing ProtocolHandler ["http-nio-8080"]
21-Jan-2021 12:19:43.478 INFO [main] org.apache.coyote.AbstractProtocol.pause Pausing ProtocolHandler ["ajp-nio-8009"]
21-Jan-2021 12:19:43.480 INFO [main] org.apache.catalina.core.StandardService.stopInternal Stopping service [Catalina]
21-Jan-2021 12:19:43.613 INFO [main] org.apache.coyote.AbstractProtocol.stop Stopping ProtocolHandler ["http-nio-8080"]
21-Jan-2021 12:19:43.620 INFO [main] org.apache.coyote.AbstractProtocol.stop Stopping ProtocolHandler ["ajp-nio-8009"]
21-Jan-2021 12:19:43.629 INFO [main] org.apache.coyote.AbstractProtocol.destroy Destroying ProtocolHandler ["http-nio-8080"]
21-Jan-2021 12:19:43.635 INFO [main] org.apache.coyote.AbstractProtocol.destroy Destroying ProtocolHandler ["ajp-nio-8009"]
21-Jan-2021 12:20:36.448 INFO [main] org.apache.catalina.startup.VersionLoggerListener.log Server version:        Apache Tomcat/8.5.24
21-Jan-2021 12:20:36.456 INFO [main] org.apache.catalina.startup.VersionLoggerListener.log Server built:          Nov 27 2017 13:05:30 UTC
21-Jan-2021 12:20:36.456 INFO [main] org.apache.catalina.startup.VersionLoggerListener.log Server number:         8.5.24.0
21-Jan-2021 12:20:36.457 INFO [main] org.apache.catalina.startup.VersionLoggerListener.log OS Name:               Linux
21-Jan-2021 12:20:36.460 INFO [main] org.apache.catalina.startup.VersionLoggerListener.log OS Version:            5.8.0-38-generic
21-Jan-2021 12:20:36.460 INFO [main] org.apache.catalina.startup.VersionLoggerListener.log Architecture:          amd64
21-Jan-2021 12:20:36.461 INFO [main] org.apache.catalina.startup.VersionLoggerListener.log Java Home:             /usr/lib/jvm/java-11-openjdk-amd64
21-Jan-2021 12:20:36.461 INFO [main] org.apache.catalina.startup.VersionLoggerListener.log JVM Version:           11.0.9.1+1-Ubuntu-0ubuntu1.20.04
21-Jan-2021 12:20:36.461 INFO [main] org.apache.catalina.startup.VersionLoggerListener.log JVM Vendor:            Ubuntu
21-Jan-2021 12:20:36.462 INFO [main] org.apache.catalina.startup.VersionLoggerListener.log CATALINA_BASE:         /home/imsotired/Desktop/TE/WTL/tomcat_installation/apache-tomcat-8.5.24
21-Jan-2021 12:20:36.462 INFO [main] org.apache.catalina.startup.VersionLoggerListener.log CATALINA_HOME:         /home/imsotired/Desktop/TE/WTL/tomcat_installation/apache-tomcat-8.5.24
21-Jan-2021 12:20:36.463 INFO [main] org.apache.catalina.startup.VersionLoggerListener.log Command line argument: --add-opens=java.base/java.lang=ALL-UNNAMED
21-Jan-2021 12:20:36.463 INFO [main] org.apache.catalina.startup.VersionLoggerListener.log Command line argument: --add-opens=java.rmi/sun.rmi.transport=ALL-UNNAMED
21-Jan-2021 12:20:36.464 INFO [main] org.apache.catalina.startup.VersionLoggerListener.log Command line argument: -Djava.util.logging.config.file=/home/imsotired/Desktop/TE/WTL/tomcat_installation/apache-tomcat-8.5.24/conf/logging.properties
21-Jan-2021 12:20:36.464 INFO [main] org.apache.catalina.startup.VersionLoggerListener.log Command line argument: -Djava.util.logging.manager=org.apache.juli.ClassLoaderLogManager
21-Jan-2021 12:20:36.464 INFO [main] org.apache.catalina.startup.VersionLoggerListener.log Command line argument: -Djdk.tls.ephemeralDHKeySize=2048
21-Jan-2021 12:20:36.464 INFO [main] org.apache.catalina.startup.VersionLoggerListener.log Command line argument: -Djava.protocol.handler.pkgs=org.apache.catalina.webresources
21-Jan-2021 12:20:36.465 INFO [main] org.apache.catalina.startup.VersionLoggerListener.log Command line argument: -Dignore.endorsed.dirs=
21-Jan-2021 12:20:36.465 INFO [main] org.apache.catalina.startup.VersionLoggerListener.log Command line argument: -Dcatalina.base=/home/imsotired/Desktop/TE/WTL/tomcat_installation/apache-tomcat-8.5.24
21-Jan-2021 12:20:36.465 INFO [main] org.apache.catalina.startup.VersionLoggerListener.log Command line argument: -Dcatalina.home=/home/imsotired/Desktop/TE/WTL/tomcat_installation/apache-tomcat-8.5.24
21-Jan-2021 12:20:36.466 INFO [main] org.apache.catalina.startup.VersionLoggerListener.log Command line argument: -Djava.io.tmpdir=/home/imsotired/Desktop/TE/WTL/tomcat_installation/apache-tomcat-8.5.24/temp
21-Jan-2021 12:20:36.466 INFO [main] org.apache.catalina.core.AprLifecycleListener.lifecycleEvent The APR based Apache Tomcat Native library which allows optimal performance in production environments was not found on the java.library.path: [/usr/java/packages/lib:/usr/lib/x86_64-linux-gnu/jni:/lib/x86_64-linux-gnu:/usr/lib/x86_64-linux-gnu:/usr/lib/jni:/lib:/usr/lib]
21-Jan-2021 12:20:36.535 INFO [main] org.apache.coyote.AbstractProtocol.init Initializing ProtocolHandler ["http-nio-8080"]
21-Jan-2021 12:20:36.557 INFO [main] org.apache.tomcat.util.net.NioSelectorPool.getSharedSelector Using a shared selector for servlet write/read
21-Jan-2021 12:20:36.592 INFO [main] org.apache.coyote.AbstractProtocol.init Initializing ProtocolHandler ["ajp-nio-8009"]
21-Jan-2021 12:20:36.594 INFO [main] org.apache.tomcat.util.net.NioSelectorPool.getSharedSelector Using a shared selector for servlet write/read
21-Jan-2021 12:20:36.596 INFO [main] org.apache.catalina.startup.Catalina.load Initialization processed in 966 ms
21-Jan-2021 12:20:36.700 INFO [main] org.apache.catalina.core.StandardService.startInternal Starting service [Catalina]
21-Jan-2021 12:20:36.701 INFO [main] org.apache.catalina.core.StandardEngine.startInternal Starting Servlet Engine: Apache Tomcat/8.5.24
21-Jan-2021 12:20:36.720 INFO [localhost-startStop-1] org.apache.catalina.startup.HostConfig.deployDirectory Deploying web application directory [/home/imsotired/Desktop/TE/WTL/tomcat_installation/apache-tomcat-8.5.24/webapps/docs]
21-Jan-2021 12:20:37.433 INFO [localhost-startStop-1] org.apache.catalina.startup.HostConfig.deployDirectory Deployment of web application directory [/home/imsotired/Desktop/TE/WTL/tomcat_installation/apache-tomcat-8.5.24/webapps/docs] has finished in [712] ms
21-Jan-2021 12:20:37.434 INFO [localhost-startStop-1] org.apache.catalina.startup.HostConfig.deployDirectory Deploying web application directory [/home/imsotired/Desktop/TE/WTL/tomcat_installation/apache-tomcat-8.5.24/webapps/ROOT]
21-Jan-2021 12:20:37.468 INFO [localhost-startStop-1] org.apache.catalina.startup.HostConfig.deployDirectory Deployment of web application directory [/home/imsotired/Desktop/TE/WTL/tomcat_installation/apache-tomcat-8.5.24/webapps/ROOT] has finished in [34] ms
21-Jan-2021 12:20:37.470 INFO [localhost-startStop-1] org.apache.catalina.startup.HostConfig.deployDirectory Deploying web application directory [/home/imsotired/Desktop/TE/WTL/tomcat_installation/apache-tomcat-8.5.24/webapps/host-manager]
21-Jan-2021 12:20:37.531 INFO [localhost-startStop-1] org.apache.catalina.startup.HostConfig.deployDirectory Deployment of web application directory [/home/imsotired/Desktop/TE/WTL/tomcat_installation/apache-tomcat-8.5.24/webapps/host-manager] has finished in [61] ms
21-Jan-2021 12:20:37.531 INFO [localhost-startStop-1] org.apache.catalina.startup.HostConfig.deployDirectory Deploying web application directory [/home/imsotired/Desktop/TE/WTL/tomcat_installation/apache-tomcat-8.5.24/webapps/manager]
21-Jan-2021 12:20:37.570 INFO [localhost-startStop-1] org.apache.catalina.startup.HostConfig.deployDirectory Deployment of web application directory [/home/imsotired/Desktop/TE/WTL/tomcat_installation/apache-tomcat-8.5.24/webapps/manager] has finished in [39] ms
21-Jan-2021 12:20:37.571 INFO [localhost-startStop-1] org.apache.catalina.startup.HostConfig.deployDirectory Deploying web application directory [/home/imsotired/Desktop/TE/WTL/tomcat_installation/apache-tomcat-8.5.24/webapps/examples]
21-Jan-2021 12:20:37.937 INFO [localhost-startStop-1] org.apache.catalina.startup.HostConfig.deployDirectory Deployment of web application directory [/home/imsotired/Desktop/TE/WTL/tomcat_installation/apache-tomcat-8.5.24/webapps/examples] has finished in [365] ms
21-Jan-2021 12:20:37.957 INFO [main] org.apache.coyote.AbstractProtocol.start Starting ProtocolHandler ["http-nio-8080"]
21-Jan-2021 12:20:37.986 INFO [main] org.apache.coyote.AbstractProtocol.start Starting ProtocolHandler ["ajp-nio-8009"]
21-Jan-2021 12:20:38.035 INFO [main] org.apache.catalina.startup.Catalina.start Server startup in 1437 ms
21-Jan-2021 12:44:23.399 INFO [main] org.apache.catalina.core.StandardServer.await A valid shutdown command was received via the shutdown port. Stopping the Server instance.
21-Jan-2021 12:44:23.401 INFO [main] org.apache.coyote.AbstractProtocol.pause Pausing ProtocolHandler ["http-nio-8080"]
21-Jan-2021 12:44:23.412 INFO [main] org.apache.coyote.AbstractProtocol.pause Pausing ProtocolHandler ["ajp-nio-8009"]
21-Jan-2021 12:44:23.464 INFO [main] org.apache.catalina.core.StandardService.stopInternal Stopping service [Catalina]
21-Jan-2021 12:44:23.639 INFO [main] org.apache.coyote.AbstractProtocol.stop Stopping ProtocolHandler ["http-nio-8080"]
21-Jan-2021 12:44:23.645 INFO [main] org.apache.coyote.AbstractProtocol.stop Stopping ProtocolHandler ["ajp-nio-8009"]
21-Jan-2021 12:44:23.652 INFO [main] org.apache.coyote.AbstractProtocol.destroy Destroying ProtocolHandler ["http-nio-8080"]
21-Jan-2021 12:44:23.659 INFO [main] org.apache.coyote.AbstractProtocol.destroy Destroying ProtocolHandler ["ajp-nio-8009"]
